{"level":"info","message":"Post service running at port: 3002","service":"post-service","timestamp":"2026-01-26T11:46:50.553Z"}
{"level":"error","message":"Unhandled rejection at [object Promise] reason: MongooseError: The `uri` parameter to `openUri()` must be a string, got \"undefined\". Make sure the first parameter to `mongoose.connect()` or `mongoose.createConnection()` is a string.","service":"post-service","timestamp":"2026-01-26T11:46:50.557Z"}
{"level":"info","message":"Post service running at port: 3002","service":"post-service","timestamp":"2026-01-26T11:49:47.515Z"}
{"level":"info","message":"MongoDB connected successfully","service":"post-service","timestamp":"2026-01-26T11:49:49.899Z"}
{"level":"info","message":"MongoDB connected successfully","service":"post-service","timestamp":"2026-01-26T12:54:26.182Z"}
{"level":"info","message":"MongoDB connected successfully","service":"post-service","timestamp":"2026-01-26T19:42:32.084Z"}
{"level":"info","message":"MongoDB connected successfully","service":"post-service","timestamp":"2026-01-27T08:11:20.126Z"}
{"level":"info","message":"MongoDB connected successfully","service":"post-service","timestamp":"2026-01-27T13:05:19.822Z"}
{"level":"info","message":"MongoDB connected successfully","service":"post-service","timestamp":"2026-01-27T14:49:44.584Z"}
{"level":"info","message":"MongoDB connected successfully","service":"post-service","timestamp":"2026-01-27T14:50:56.248Z"}
{"level":"info","message":"MongoDB connected successfully","service":"post-service","timestamp":"2026-01-27T14:53:37.991Z"}
{"level":"info","message":"MongoDB connected successfully","service":"post-service","timestamp":"2026-01-27T18:53:52.149Z"}
{"level":"info","message":"Post service running at port: 3002","service":"post-service","timestamp":"2026-02-03T06:18:16.134Z"}
{"level":"info","message":"MongoDB connected successfully","service":"post-service","timestamp":"2026-02-03T06:18:17.876Z"}
{"level":"info","message":"Post service running at port: 3002","service":"post-service","timestamp":"2026-02-03T06:26:25.015Z"}
{"level":"info","message":"MongoDB connected successfully","service":"post-service","timestamp":"2026-02-03T06:26:26.913Z"}
{"level":"info","message":"Post service running at port: 3002","service":"post-service","timestamp":"2026-02-03T06:42:25.492Z"}
{"level":"info","message":"MongoDB connected successfully","service":"post-service","timestamp":"2026-02-03T06:42:27.374Z"}
{"level":"info","message":"Received POST request to /api/post/create-post","service":"post-service","timestamp":"2026-02-03T06:45:11.871Z"}
{"level":"info","message":"Request body: [object Object]","service":"post-service","timestamp":"2026-02-03T06:45:11.872Z"}
{"$__":{"$versionError":null,"activePaths":{"paths":{"content":"require","user":"require"},"states":{"default":{},"modify":{},"require":{"content":true,"user":true}}},"backup":{"activePaths":{"default":{"_id":true},"modify":{"content":true,"createdAt":true,"mediaIds":true,"updatedAt":true,"user":true}},"validationError":null},"cachedRequired":{},"inserting":true,"op":null,"pathsToScopes":{"mediaIds":{"__v":0,"_id":"698199779fb4246e6d3fabca","content":"My name is David","createdAt":"2026-02-03T06:45:11.881Z","mediaIds":[],"updatedAt":"2026-02-03T06:45:11.881Z","user":"6974bb03a8101a4c29f1e208"}},"saveOptions":null,"savedState":{},"saving":null,"validating":null},"$isNew":false,"_doc":{"__v":0,"_id":"698199779fb4246e6d3fabca","content":"My name is David","createdAt":"2026-02-03T06:45:11.881Z","mediaIds":[],"updatedAt":"2026-02-03T06:45:11.881Z","user":"6974bb03a8101a4c29f1e208"},"level":"info","message":"Post created successfully","service":"post-service","timestamp":"2026-02-03T06:45:12.074Z"}
{"level":"info","message":"Post service running at port: 3002","service":"post-service","timestamp":"2026-02-03T06:49:59.159Z"}
{"level":"info","message":"MongoDB connected successfully","service":"post-service","timestamp":"2026-02-03T06:50:03.401Z"}
{"level":"info","message":"Post service running at port: 3002","service":"post-service","timestamp":"2026-02-03T06:50:05.904Z"}
{"level":"info","message":"MongoDB connected successfully","service":"post-service","timestamp":"2026-02-03T06:50:07.596Z"}
{"level":"info","message":"Post service running at port: 3002","service":"post-service","timestamp":"2026-02-03T06:50:42.484Z"}
{"level":"info","message":"MongoDB connected successfully","service":"post-service","timestamp":"2026-02-03T06:50:44.473Z"}
{"level":"info","message":"Post service running at port: 3002","service":"post-service","timestamp":"2026-02-03T06:51:13.629Z"}
{"level":"info","message":"MongoDB connected successfully","service":"post-service","timestamp":"2026-02-03T06:51:15.650Z"}
{"level":"info","message":"Post service running at port: 3002","service":"post-service","timestamp":"2026-02-03T06:53:52.960Z"}
{"level":"info","message":"MongoDB connected successfully","service":"post-service","timestamp":"2026-02-03T06:53:57.352Z"}
{"level":"info","message":"Post service running at port: 3002","service":"post-service","timestamp":"2026-02-03T06:54:06.413Z"}
{"level":"info","message":"MongoDB connected successfully","service":"post-service","timestamp":"2026-02-03T06:54:08.136Z"}
{"level":"info","message":"Post service running at port: 3002","service":"post-service","timestamp":"2026-02-03T07:52:00.848Z"}
{"level":"info","message":"MongoDB connected successfully","service":"post-service","timestamp":"2026-02-03T07:52:05.082Z"}
{"level":"info","message":"Post service running at port: 3002","service":"post-service","timestamp":"2026-02-03T07:52:35.450Z"}
{"level":"info","message":"MongoDB connected successfully","service":"post-service","timestamp":"2026-02-03T07:52:39.007Z"}
{"level":"info","message":"Post service running at port: 3002","service":"post-service","timestamp":"2026-02-03T07:52:43.811Z"}
{"level":"info","message":"MongoDB connected successfully","service":"post-service","timestamp":"2026-02-03T07:52:45.334Z"}
{"level":"info","message":"Received GET request to /api/post/get-post","service":"post-service","timestamp":"2026-02-03T07:54:42.095Z"}
{"level":"info","message":"Request body: [object Object]","service":"post-service","timestamp":"2026-02-03T07:54:42.096Z"}
{"level":"info","message":"Get all post endpoint hit...","service":"post-service","timestamp":"2026-02-03T07:54:42.097Z"}
{"level":"info","message":"Received GET request to /api/post/get-post","service":"post-service","timestamp":"2026-02-03T07:54:58.422Z"}
{"level":"info","message":"Request body: [object Object]","service":"post-service","timestamp":"2026-02-03T07:54:58.422Z"}
{"level":"info","message":"Get all post endpoint hit...","service":"post-service","timestamp":"2026-02-03T07:54:58.423Z"}
{"level":"info","message":"Received GET request to /api/post/get-post","service":"post-service","timestamp":"2026-02-03T07:55:20.450Z"}
{"level":"info","message":"Request body: [object Object]","service":"post-service","timestamp":"2026-02-03T07:55:20.451Z"}
{"level":"info","message":"Get all post endpoint hit...","service":"post-service","timestamp":"2026-02-03T07:55:20.451Z"}
{"level":"info","message":"Received GET request to /api/post/get-post","service":"post-service","timestamp":"2026-02-03T08:00:41.031Z"}
{"level":"info","message":"Request body: [object Object]","service":"post-service","timestamp":"2026-02-03T08:00:41.031Z"}
{"level":"info","message":"Get all post endpoint hit...","service":"post-service","timestamp":"2026-02-03T08:00:41.032Z"}
{"level":"info","message":"Received GET request to /api/post/get-post","service":"post-service","timestamp":"2026-02-03T08:00:58.087Z"}
{"level":"info","message":"Request body: [object Object]","service":"post-service","timestamp":"2026-02-03T08:00:58.087Z"}
{"level":"info","message":"Get all post endpoint hit...","service":"post-service","timestamp":"2026-02-03T08:00:58.088Z"}
{"level":"info","message":"Received GET request to /api/post/get-post","service":"post-service","timestamp":"2026-02-03T08:00:59.951Z"}
{"level":"info","message":"Request body: [object Object]","service":"post-service","timestamp":"2026-02-03T08:00:59.951Z"}
{"level":"info","message":"Get all post endpoint hit...","service":"post-service","timestamp":"2026-02-03T08:00:59.952Z"}
{"level":"info","message":"Post service running at port: 3002","service":"post-service","timestamp":"2026-02-03T08:01:31.580Z"}
{"level":"info","message":"MongoDB connected successfully","service":"post-service","timestamp":"2026-02-03T08:01:35.715Z"}
{"level":"info","message":"Received GET request to /api/post/get-post","service":"post-service","timestamp":"2026-02-03T08:01:42.178Z"}
{"level":"info","message":"Request body: [object Object]","service":"post-service","timestamp":"2026-02-03T08:01:42.179Z"}
{"level":"info","message":"Get all post endpoint hit...","service":"post-service","timestamp":"2026-02-03T08:01:42.181Z"}
{"level":"info","message":"Received GET request to /api/post/get-post","service":"post-service","timestamp":"2026-02-03T08:01:44.101Z"}
{"level":"info","message":"Request body: [object Object]","service":"post-service","timestamp":"2026-02-03T08:01:44.101Z"}
{"level":"info","message":"Get all post endpoint hit...","service":"post-service","timestamp":"2026-02-03T08:01:44.103Z"}
{"level":"info","message":"Received GET request to /api/post/get-post","service":"post-service","timestamp":"2026-02-03T08:01:45.813Z"}
{"level":"info","message":"Request body: [object Object]","service":"post-service","timestamp":"2026-02-03T08:01:45.814Z"}
{"level":"info","message":"Get all post endpoint hit...","service":"post-service","timestamp":"2026-02-03T08:01:45.815Z"}
{"level":"info","message":"Received GET request to /api/post/get-post","service":"post-service","timestamp":"2026-02-03T08:01:47.402Z"}
{"level":"info","message":"Request body: [object Object]","service":"post-service","timestamp":"2026-02-03T08:01:47.402Z"}
{"level":"info","message":"Get all post endpoint hit...","service":"post-service","timestamp":"2026-02-03T08:01:47.403Z"}
{"level":"info","message":"Received GET request to /api/post/get-post","service":"post-service","timestamp":"2026-02-03T08:01:48.853Z"}
{"level":"info","message":"Request body: [object Object]","service":"post-service","timestamp":"2026-02-03T08:01:48.854Z"}
{"level":"info","message":"Get all post endpoint hit...","service":"post-service","timestamp":"2026-02-03T08:01:48.854Z"}
{"level":"info","message":"Received GET request to /api/post/get-post","service":"post-service","timestamp":"2026-02-03T08:01:50.299Z"}
{"level":"info","message":"Request body: [object Object]","service":"post-service","timestamp":"2026-02-03T08:01:50.299Z"}
{"level":"info","message":"Get all post endpoint hit...","service":"post-service","timestamp":"2026-02-03T08:01:50.300Z"}
{"level":"info","message":"Post service running at port: 3002","service":"post-service","timestamp":"2026-02-03T08:01:57.118Z"}
{"level":"info","message":"MongoDB connected successfully","service":"post-service","timestamp":"2026-02-03T08:01:58.684Z"}
{"level":"info","message":"Received GET request to /api/post/get-post","service":"post-service","timestamp":"2026-02-03T08:02:04.988Z"}
{"level":"info","message":"Request body: [object Object]","service":"post-service","timestamp":"2026-02-03T08:02:04.989Z"}
{"level":"info","message":"Get all post endpoint hit...","service":"post-service","timestamp":"2026-02-03T08:02:04.990Z"}
{"level":"info","message":"Received GET request to /api/post/get-post","service":"post-service","timestamp":"2026-02-03T08:02:06.483Z"}
{"level":"info","message":"Request body: [object Object]","service":"post-service","timestamp":"2026-02-03T08:02:06.484Z"}
{"level":"info","message":"Get all post endpoint hit...","service":"post-service","timestamp":"2026-02-03T08:02:06.485Z"}
{"level":"info","message":"Received GET request to /api/post/get-post","service":"post-service","timestamp":"2026-02-03T08:02:07.988Z"}
{"level":"info","message":"Request body: [object Object]","service":"post-service","timestamp":"2026-02-03T08:02:07.989Z"}
{"level":"info","message":"Get all post endpoint hit...","service":"post-service","timestamp":"2026-02-03T08:02:07.990Z"}
{"level":"info","message":"Received GET request to /api/post/get-post","service":"post-service","timestamp":"2026-02-03T08:02:09.453Z"}
{"level":"info","message":"Request body: [object Object]","service":"post-service","timestamp":"2026-02-03T08:02:09.454Z"}
{"level":"info","message":"Get all post endpoint hit...","service":"post-service","timestamp":"2026-02-03T08:02:09.454Z"}
{"level":"info","message":"Post service running at port: 3002","service":"post-service","timestamp":"2026-02-03T08:06:57.618Z"}
{"level":"info","message":"MongoDB connected successfully","service":"post-service","timestamp":"2026-02-03T08:07:01.966Z"}
{"level":"info","message":"Received GET request to /api/post/get-post","service":"post-service","timestamp":"2026-02-03T08:08:53.335Z"}
{"level":"info","message":"Request body: [object Object]","service":"post-service","timestamp":"2026-02-03T08:08:53.336Z"}
{"level":"info","message":"Get all post endpoint hit...","service":"post-service","timestamp":"2026-02-03T08:08:53.338Z"}
{"level":"info","message":"Received GET request to /api/post/get-post","service":"post-service","timestamp":"2026-02-03T08:09:01.312Z"}
{"level":"info","message":"Request body: [object Object]","service":"post-service","timestamp":"2026-02-03T08:09:01.312Z"}
{"level":"info","message":"Get all post endpoint hit...","service":"post-service","timestamp":"2026-02-03T08:09:01.313Z"}
{"level":"info","message":"Received GET request to /api/post/get-post","service":"post-service","timestamp":"2026-02-03T08:09:02.500Z"}
{"level":"info","message":"Request body: [object Object]","service":"post-service","timestamp":"2026-02-03T08:09:02.500Z"}
{"level":"info","message":"Get all post endpoint hit...","service":"post-service","timestamp":"2026-02-03T08:09:02.501Z"}
{"level":"info","message":"Received GET request to /api/post/get-post","service":"post-service","timestamp":"2026-02-03T08:10:58.452Z"}
{"level":"info","message":"Request body: [object Object]","service":"post-service","timestamp":"2026-02-03T08:10:58.453Z"}
{"level":"info","message":"Get all post endpoint hit...","service":"post-service","timestamp":"2026-02-03T08:10:58.453Z"}
{"level":"info","message":"Received POST request to /api/post/create-post","service":"post-service","timestamp":"2026-02-03T08:11:03.171Z"}
{"level":"info","message":"Request body: [object Object]","service":"post-service","timestamp":"2026-02-03T08:11:03.171Z"}
{"level":"info","message":"Create post endpoint hit...","service":"post-service","timestamp":"2026-02-03T08:11:03.172Z"}
{"$__":{"$versionError":null,"activePaths":{"paths":{"content":"require","user":"require"},"states":{"default":{},"modify":{},"require":{"content":true,"user":true}}},"backup":{"activePaths":{"default":{"_id":true},"modify":{"content":true,"createdAt":true,"mediaIds":true,"updatedAt":true,"user":true}},"validationError":null},"cachedRequired":{},"inserting":true,"op":null,"pathsToScopes":{"mediaIds":{"__v":0,"_id":"6981ad97201fea6be37c9cee","content":"New Post 1","createdAt":"2026-02-03T08:11:03.184Z","mediaIds":[],"updatedAt":"2026-02-03T08:11:03.184Z","user":"6974bb03a8101a4c29f1e208"}},"saveOptions":null,"savedState":{},"saving":null,"validating":null},"$isNew":false,"_doc":{"__v":0,"_id":"6981ad97201fea6be37c9cee","content":"New Post 1","createdAt":"2026-02-03T08:11:03.184Z","mediaIds":[],"updatedAt":"2026-02-03T08:11:03.184Z","user":"6974bb03a8101a4c29f1e208"},"level":"info","message":"Post created successfully","service":"post-service","timestamp":"2026-02-03T08:11:03.335Z"}
{"level":"info","message":"Received GET request to /api/post/get-post","service":"post-service","timestamp":"2026-02-03T08:11:08.558Z"}
{"level":"info","message":"Request body: [object Object]","service":"post-service","timestamp":"2026-02-03T08:11:08.558Z"}
{"level":"info","message":"Get all post endpoint hit...","service":"post-service","timestamp":"2026-02-03T08:11:08.559Z"}
{"level":"info","message":"Received GET request to /api/post/get-post","service":"post-service","timestamp":"2026-02-03T08:11:12.989Z"}
{"level":"info","message":"Request body: [object Object]","service":"post-service","timestamp":"2026-02-03T08:11:12.990Z"}
{"level":"info","message":"Get all post endpoint hit...","service":"post-service","timestamp":"2026-02-03T08:11:12.990Z"}
{"level":"info","message":"Received GET request to /api/post/get-post","service":"post-service","timestamp":"2026-02-03T08:11:14.845Z"}
{"level":"info","message":"Request body: [object Object]","service":"post-service","timestamp":"2026-02-03T08:11:14.846Z"}
{"level":"info","message":"Get all post endpoint hit...","service":"post-service","timestamp":"2026-02-03T08:11:14.846Z"}
{"level":"info","message":"Post service running at port: 3002","service":"post-service","timestamp":"2026-02-03T08:11:30.782Z"}
{"level":"info","message":"MongoDB connected successfully","service":"post-service","timestamp":"2026-02-03T08:11:35.147Z"}
{"level":"info","message":"Received GET request to /api/post/get-post","service":"post-service","timestamp":"2026-02-03T08:11:38.175Z"}
{"level":"info","message":"Request body: [object Object]","service":"post-service","timestamp":"2026-02-03T08:11:38.175Z"}
{"level":"info","message":"Get all post endpoint hit...","service":"post-service","timestamp":"2026-02-03T08:11:38.177Z"}
{"level":"info","message":"Received GET request to /api/post/get-post","service":"post-service","timestamp":"2026-02-03T08:11:42.702Z"}
{"level":"info","message":"Request body: [object Object]","service":"post-service","timestamp":"2026-02-03T08:11:42.702Z"}
{"level":"info","message":"Get all post endpoint hit...","service":"post-service","timestamp":"2026-02-03T08:11:42.703Z"}
{"level":"info","message":"Received GET request to /api/post/get-post","service":"post-service","timestamp":"2026-02-03T08:11:43.912Z"}
{"level":"info","message":"Request body: [object Object]","service":"post-service","timestamp":"2026-02-03T08:11:43.912Z"}
{"level":"info","message":"Get all post endpoint hit...","service":"post-service","timestamp":"2026-02-03T08:11:43.914Z"}
{"level":"info","message":"Received GET request to /api/post/get-post","service":"post-service","timestamp":"2026-02-03T08:11:45.189Z"}
{"level":"info","message":"Request body: [object Object]","service":"post-service","timestamp":"2026-02-03T08:11:45.190Z"}
{"level":"info","message":"Get all post endpoint hit...","service":"post-service","timestamp":"2026-02-03T08:11:45.191Z"}
{"level":"info","message":"Received GET request to /api/post/get-post","service":"post-service","timestamp":"2026-02-03T08:11:46.352Z"}
{"level":"info","message":"Request body: [object Object]","service":"post-service","timestamp":"2026-02-03T08:11:46.353Z"}
{"level":"info","message":"Get all post endpoint hit...","service":"post-service","timestamp":"2026-02-03T08:11:46.353Z"}
{"level":"info","message":"Received POST request to /api/post/create-post","service":"post-service","timestamp":"2026-02-03T08:12:01.690Z"}
{"level":"info","message":"Request body: [object Object]","service":"post-service","timestamp":"2026-02-03T08:12:01.690Z"}
{"level":"info","message":"Create post endpoint hit...","service":"post-service","timestamp":"2026-02-03T08:12:01.691Z"}
{"$__":{"$versionError":null,"activePaths":{"paths":{"content":"require","user":"require"},"states":{"default":{},"modify":{},"require":{"content":true,"user":true}}},"backup":{"activePaths":{"default":{"_id":true},"modify":{"content":true,"createdAt":true,"mediaIds":true,"updatedAt":true,"user":true}},"validationError":null},"cachedRequired":{},"inserting":true,"op":null,"pathsToScopes":{"mediaIds":{"__v":0,"_id":"6981add1d8f5aef4d0e73e4a","content":"New Post 2","createdAt":"2026-02-03T08:12:01.709Z","mediaIds":[],"updatedAt":"2026-02-03T08:12:01.709Z","user":"6974bb03a8101a4c29f1e208"}},"saveOptions":null,"savedState":{},"saving":null,"validating":null},"$isNew":false,"_doc":{"__v":0,"_id":"6981add1d8f5aef4d0e73e4a","content":"New Post 2","createdAt":"2026-02-03T08:12:01.709Z","mediaIds":[],"updatedAt":"2026-02-03T08:12:01.709Z","user":"6974bb03a8101a4c29f1e208"},"level":"info","message":"Post created successfully","service":"post-service","timestamp":"2026-02-03T08:12:01.861Z"}
{"level":"info","message":"Received GET request to /api/post/get-post","service":"post-service","timestamp":"2026-02-03T08:12:08.203Z"}
{"level":"info","message":"Request body: [object Object]","service":"post-service","timestamp":"2026-02-03T08:12:08.203Z"}
{"level":"info","message":"Get all post endpoint hit...","service":"post-service","timestamp":"2026-02-03T08:12:08.204Z"}
{"level":"info","message":"Received GET request to /api/post/get-post","service":"post-service","timestamp":"2026-02-03T08:12:19.308Z"}
{"level":"info","message":"Request body: [object Object]","service":"post-service","timestamp":"2026-02-03T08:12:19.308Z"}
{"level":"info","message":"Get all post endpoint hit...","service":"post-service","timestamp":"2026-02-03T08:12:19.309Z"}
{"level":"info","message":"Post service running at port: 3002","service":"post-service","timestamp":"2026-02-03T08:48:10.128Z"}
{"level":"info","message":"MongoDB connected successfully","service":"post-service","timestamp":"2026-02-03T08:48:14.255Z"}
{"level":"info","message":"Post service running at port: 3002","service":"post-service","timestamp":"2026-02-03T08:50:14.166Z"}
{"level":"info","message":"MongoDB connected successfully","service":"post-service","timestamp":"2026-02-03T08:50:18.569Z"}
{"level":"info","message":"Post service running at port: 3002","service":"post-service","timestamp":"2026-02-03T08:50:42.371Z"}
{"level":"info","message":"MongoDB connected successfully","service":"post-service","timestamp":"2026-02-03T08:50:46.436Z"}
{"level":"info","message":"Received GET request to /api/post/6981add1d8f5aef4d0e73e4a","service":"post-service","timestamp":"2026-02-03T08:51:04.902Z"}
{"level":"info","message":"Request body: [object Object]","service":"post-service","timestamp":"2026-02-03T08:51:04.903Z"}
{"level":"error","message":"Error getting post postDetailsByIds is not defined","service":"post-service","stack":"ReferenceError: postDetailsByIds is not defined\n    at getPost (C:\\Users\\user\\Documents\\Codes\\Backend-Projects\\social-media-microservices\\post-service\\src\\controllers\\post.controller.js:117:16)\n    at process.processTicksAndRejections (node:internal/process/task_queues:103:5)","timestamp":"2026-02-03T08:51:05.078Z"}
{"level":"info","message":"Received GET request to /api/post/6981add1d8f5aef4d0e73e4a","service":"post-service","timestamp":"2026-02-03T08:51:08.050Z"}
{"level":"info","message":"Request body: [object Object]","service":"post-service","timestamp":"2026-02-03T08:51:08.051Z"}
{"level":"info","message":"Received GET request to /api/post/6981add1d8f5aef4d0e73e4a","service":"post-service","timestamp":"2026-02-03T08:51:14.305Z"}
{"level":"info","message":"Request body: [object Object]","service":"post-service","timestamp":"2026-02-03T08:51:14.306Z"}
{"level":"info","message":"Received GET request to /api/post/6981add1d8f5aef4d0e73e4a","service":"post-service","timestamp":"2026-02-03T08:51:16.281Z"}
{"level":"info","message":"Request body: [object Object]","service":"post-service","timestamp":"2026-02-03T08:51:16.281Z"}
{"level":"info","message":"Received GET request to /api/post/get-post","service":"post-service","timestamp":"2026-02-03T08:51:27.303Z"}
{"level":"info","message":"Request body: [object Object]","service":"post-service","timestamp":"2026-02-03T08:51:27.303Z"}
{"level":"info","message":"Get all post endpoint hit...","service":"post-service","timestamp":"2026-02-03T08:51:27.304Z"}
{"level":"info","message":"Received GET request to /api/post/6981ad97201fea6be37c9cee","service":"post-service","timestamp":"2026-02-03T08:51:43.297Z"}
{"level":"info","message":"Request body: [object Object]","service":"post-service","timestamp":"2026-02-03T08:51:43.297Z"}
{"level":"error","message":"Error getting post postDetailsByIds is not defined","service":"post-service","stack":"ReferenceError: postDetailsByIds is not defined\n    at getPost (C:\\Users\\user\\Documents\\Codes\\Backend-Projects\\social-media-microservices\\post-service\\src\\controllers\\post.controller.js:117:16)\n    at process.processTicksAndRejections (node:internal/process/task_queues:103:5)","timestamp":"2026-02-03T08:51:43.450Z"}
{"level":"info","message":"Received GET request to /api/post/6981ad97201fea6be37c9cee","service":"post-service","timestamp":"2026-02-03T08:51:46.131Z"}
{"level":"info","message":"Request body: [object Object]","service":"post-service","timestamp":"2026-02-03T08:51:46.131Z"}
{"level":"info","message":"Post service running at port: 3002","service":"post-service","timestamp":"2026-02-03T08:52:23.178Z"}
{"level":"info","message":"MongoDB connected successfully","service":"post-service","timestamp":"2026-02-03T08:52:25.248Z"}
{"level":"info","message":"Received GET request to /api/post/get-post","service":"post-service","timestamp":"2026-02-03T08:52:37.689Z"}
{"level":"info","message":"Request body: [object Object]","service":"post-service","timestamp":"2026-02-03T08:52:37.689Z"}
{"level":"info","message":"Get all post endpoint hit...","service":"post-service","timestamp":"2026-02-03T08:52:37.691Z"}
{"level":"info","message":"Received GET request to /api/post/698199779fb4246e6d3fabca","service":"post-service","timestamp":"2026-02-03T08:52:51.335Z"}
{"level":"info","message":"Request body: [object Object]","service":"post-service","timestamp":"2026-02-03T08:52:51.336Z"}
{"level":"info","message":"Received GET request to /api/post/698199779fb4246e6d3fabca","service":"post-service","timestamp":"2026-02-03T08:52:56.377Z"}
{"level":"info","message":"Request body: [object Object]","service":"post-service","timestamp":"2026-02-03T08:52:56.377Z"}
{"level":"info","message":"Received GET request to /api/post/698199779fb4246e6d3fabca","service":"post-service","timestamp":"2026-02-03T08:52:57.787Z"}
{"level":"info","message":"Request body: [object Object]","service":"post-service","timestamp":"2026-02-03T08:52:57.788Z"}
{"level":"info","message":"Post service running at port: 3002","service":"post-service","timestamp":"2026-02-03T09:12:07.092Z"}
{"level":"info","message":"MongoDB connected successfully","service":"post-service","timestamp":"2026-02-03T09:12:11.140Z"}
{"level":"info","message":"Post service running at port: 3002","service":"post-service","timestamp":"2026-02-03T09:12:25.147Z"}
{"level":"info","message":"MongoDB connected successfully","service":"post-service","timestamp":"2026-02-03T09:12:26.612Z"}
{"level":"info","message":"Post service running at port: 3002","service":"post-service","timestamp":"2026-02-03T09:13:39.292Z"}
{"level":"info","message":"MongoDB connected successfully","service":"post-service","timestamp":"2026-02-03T09:13:41.331Z"}
{"level":"info","message":"Received GET request to /api/post/698199779fb4246e6d3fabca","service":"post-service","timestamp":"2026-02-03T09:14:11.575Z"}
{"level":"info","message":"Request body: [object Object]","service":"post-service","timestamp":"2026-02-03T09:14:11.575Z"}
{"level":"info","message":"Received GET request to /api/post/698199779fb4246e6d3fabca","service":"post-service","timestamp":"2026-02-03T09:14:16.751Z"}
{"level":"info","message":"Request body: [object Object]","service":"post-service","timestamp":"2026-02-03T09:14:16.752Z"}
{"level":"info","message":"Post service running at port: 3002","service":"post-service","timestamp":"2026-02-03T09:14:35.211Z"}
{"level":"info","message":"MongoDB connected successfully","service":"post-service","timestamp":"2026-02-03T09:14:38.895Z"}
{"level":"info","message":"Post service running at port: 3002","service":"post-service","timestamp":"2026-02-03T09:15:04.749Z"}
{"level":"info","message":"MongoDB connected successfully","service":"post-service","timestamp":"2026-02-03T09:15:08.252Z"}
{"level":"info","message":"Received DELETE request to /api/post/698199779fb4246e6d3fabca","service":"post-service","timestamp":"2026-02-03T09:15:27.909Z"}
{"level":"info","message":"Request body: [object Object]","service":"post-service","timestamp":"2026-02-03T09:15:27.910Z"}
{"level":"info","message":"Post service running at port: 3002","service":"post-service","timestamp":"2026-02-03T09:15:53.361Z"}
{"level":"info","message":"MongoDB connected successfully","service":"post-service","timestamp":"2026-02-03T09:15:55.064Z"}
{"level":"info","message":"Received GET request to /api/post/get-post","service":"post-service","timestamp":"2026-02-03T09:16:43.146Z"}
{"level":"info","message":"Request body: [object Object]","service":"post-service","timestamp":"2026-02-03T09:16:43.146Z"}
{"level":"info","message":"Get all post endpoint hit...","service":"post-service","timestamp":"2026-02-03T09:16:43.149Z"}
{"level":"info","message":"Received GET request to /api/post/get-post","service":"post-service","timestamp":"2026-02-03T09:16:55.086Z"}
{"level":"info","message":"Request body: [object Object]","service":"post-service","timestamp":"2026-02-03T09:16:55.086Z"}
{"level":"info","message":"Get all post endpoint hit...","service":"post-service","timestamp":"2026-02-03T09:16:55.087Z"}
{"level":"info","message":"Received GET request to /api/post/get-post","service":"post-service","timestamp":"2026-02-03T09:16:56.566Z"}
{"level":"info","message":"Request body: [object Object]","service":"post-service","timestamp":"2026-02-03T09:16:56.567Z"}
{"level":"info","message":"Get all post endpoint hit...","service":"post-service","timestamp":"2026-02-03T09:16:56.567Z"}
{"level":"info","message":"Received POST request to /api/post/create-post","service":"post-service","timestamp":"2026-02-03T09:18:00.806Z"}
{"level":"info","message":"Request body: [object Object]","service":"post-service","timestamp":"2026-02-03T09:18:00.806Z"}
{"level":"info","message":"Create post endpoint hit...","service":"post-service","timestamp":"2026-02-03T09:18:00.807Z"}
{"$__":{"$versionError":null,"activePaths":{"paths":{"content":"require","user":"require"},"states":{"default":{},"modify":{},"require":{"content":true,"user":true}}},"backup":{"activePaths":{"default":{"_id":true},"modify":{"content":true,"createdAt":true,"mediaIds":true,"updatedAt":true,"user":true}},"validationError":null},"cachedRequired":{},"inserting":true,"op":null,"pathsToScopes":{"mediaIds":{"__v":0,"_id":"6981bd48f8213cef392155ad","content":"New Post 3","createdAt":"2026-02-03T09:18:00.823Z","mediaIds":[],"updatedAt":"2026-02-03T09:18:00.823Z","user":"6974bb03a8101a4c29f1e208"}},"saveOptions":null,"savedState":{},"saving":null,"validating":null},"$isNew":false,"_doc":{"__v":0,"_id":"6981bd48f8213cef392155ad","content":"New Post 3","createdAt":"2026-02-03T09:18:00.823Z","mediaIds":[],"updatedAt":"2026-02-03T09:18:00.823Z","user":"6974bb03a8101a4c29f1e208"},"level":"info","message":"Post created successfully","service":"post-service","timestamp":"2026-02-03T09:18:00.980Z"}
{"level":"info","message":"Received GET request to /api/post/get-post","service":"post-service","timestamp":"2026-02-03T09:18:07.012Z"}
{"level":"info","message":"Request body: [object Object]","service":"post-service","timestamp":"2026-02-03T09:18:07.012Z"}
{"level":"info","message":"Get all post endpoint hit...","service":"post-service","timestamp":"2026-02-03T09:18:07.013Z"}
{"level":"info","message":"Received GET request to /api/post/get-post","service":"post-service","timestamp":"2026-02-03T09:18:10.077Z"}
{"level":"info","message":"Request body: [object Object]","service":"post-service","timestamp":"2026-02-03T09:18:10.097Z"}
{"level":"info","message":"Get all post endpoint hit...","service":"post-service","timestamp":"2026-02-03T09:18:10.101Z"}
{"level":"info","message":"Received GET request to /api/post/get-post","service":"post-service","timestamp":"2026-02-03T09:18:14.518Z"}
{"level":"info","message":"Request body: [object Object]","service":"post-service","timestamp":"2026-02-03T09:18:14.518Z"}
{"level":"info","message":"Get all post endpoint hit...","service":"post-service","timestamp":"2026-02-03T09:18:14.519Z"}
{"level":"info","message":"MongoDB connected successfully","service":"post-service","timestamp":"2026-02-03T09:33:27.872Z"}
{"level":"info","message":"MongoDB connected successfully","service":"post-service","timestamp":"2026-02-03T10:47:03.975Z"}
{"level":"info","message":"MongoDB connected successfully","service":"post-service","timestamp":"2026-02-03T10:52:46.813Z"}
{"level":"info","message":"MongoDB connected successfully","service":"post-service","timestamp":"2026-02-03T11:19:22.026Z"}
{"level":"info","message":"MongoDB connected successfully","service":"post-service","timestamp":"2026-02-03T14:05:05.170Z"}
{"level":"info","message":"MongoDB connected successfully","service":"post-service","timestamp":"2026-02-03T15:19:42.348Z"}
{"level":"info","message":"MongoDB connected successfully","service":"post-service","timestamp":"2026-02-03T18:20:38.989Z"}
{"level":"info","message":"MongoDB connected successfully","service":"post-service","timestamp":"2026-02-03T19:06:41.679Z"}
{"level":"info","message":"MongoDB connected successfully","service":"post-service","timestamp":"2026-02-04T09:37:50.072Z"}
{"level":"info","message":"MongoDB connected successfully","service":"post-service","timestamp":"2026-02-04T09:38:43.154Z"}
{"level":"info","message":"MongoDB connected successfully","service":"post-service","timestamp":"2026-02-04T10:01:19.497Z"}
{"level":"info","message":"MongoDB connected successfully","service":"post-service","timestamp":"2026-02-04T11:19:45.618Z"}
{"level":"info","message":"MongoDB connected successfully","service":"post-service","timestamp":"2026-02-04T11:42:58.938Z"}
{"level":"info","message":"MongoDB connected successfully","service":"post-service","timestamp":"2026-02-04T12:15:05.205Z"}
{"level":"info","message":"MongoDB connected successfully","service":"post-service","timestamp":"2026-02-04T12:21:33.178Z"}
{"level":"info","message":"MongoDB connected successfully","service":"post-service","timestamp":"2026-02-05T06:01:25.297Z"}
{"level":"info","message":"MongoDB connected successfully","service":"post-service","timestamp":"2026-02-05T07:17:09.708Z"}
{"level":"info","message":"Post service running at port: 3002","service":"post-service","timestamp":"2026-02-05T08:57:59.834Z"}
{"level":"info","message":"MongoDB connected successfully","service":"post-service","timestamp":"2026-02-05T08:58:02.185Z"}
{"level":"info","message":"Post service running at port: 3002","service":"post-service","timestamp":"2026-02-05T09:28:38.875Z"}
{"level":"info","message":"MongoDB connected successfully","service":"post-service","timestamp":"2026-02-05T09:28:43.408Z"}
{"level":"info","message":"Post service running at port: 3002","service":"post-service","timestamp":"2026-02-05T09:37:36.647Z"}
{"level":"info","message":"MongoDB connected successfully","service":"post-service","timestamp":"2026-02-05T09:37:41.329Z"}
{"level":"info","message":"Post service running at port: 3002","service":"post-service","timestamp":"2026-02-05T09:46:47.072Z"}
{"level":"info","message":"MongoDB connected successfully","service":"post-service","timestamp":"2026-02-05T09:46:51.719Z"}
{"level":"info","message":"Post service running at port: 3002","service":"post-service","timestamp":"2026-02-05T09:47:08.943Z"}
{"level":"info","message":"MongoDB connected successfully","service":"post-service","timestamp":"2026-02-05T09:47:13.304Z"}
{"level":"info","message":"Connected to rabbitmq","service":"post-service","timestamp":"2026-02-05T09:50:20.694Z"}
{"level":"info","message":"Post service running at port: 3002","service":"post-service","timestamp":"2026-02-05T09:50:20.701Z"}
{"level":"info","message":"MongoDB connected successfully","service":"post-service","timestamp":"2026-02-05T09:50:23.040Z"}
{"level":"info","message":"Connected to Rabbitmq","service":"post-service","timestamp":"2026-02-05T09:51:01.743Z"}
{"level":"info","message":"Post service running at port: 3002","service":"post-service","timestamp":"2026-02-05T09:51:01.748Z"}
{"level":"info","message":"MongoDB connected successfully","service":"post-service","timestamp":"2026-02-05T09:51:03.712Z"}
{"level":"info","message":"MongoDB connected successfully","service":"post-service","timestamp":"2026-02-05T10:18:15.945Z"}
{"level":"error","message":"Unhandled rejection at [object Promise] reason: Error: querySrv ECONNREFUSED _mongodb._tcp.cluster0.md6oqwh.mongodb.net","service":"post-service","timestamp":"2026-02-05T13:24:51.415Z"}
{"level":"info","message":"Connected to Rabbitmq","service":"post-service","timestamp":"2026-02-05T13:24:51.482Z"}
{"level":"info","message":"Post service running at port: 3002","service":"post-service","timestamp":"2026-02-05T13:24:51.490Z"}
{"level":"info","message":"Connected to Rabbitmq","service":"post-service","timestamp":"2026-02-05T14:08:24.797Z"}
{"level":"info","message":"Post service running at port: 3002","service":"post-service","timestamp":"2026-02-05T14:08:24.802Z"}
{"level":"info","message":"MongoDB connected successfully","service":"post-service","timestamp":"2026-02-05T14:08:31.420Z"}
{"level":"info","message":"Connected to Rabbitmq","service":"post-service","timestamp":"2026-02-05T14:08:40.861Z"}
{"level":"info","message":"Post service running at port: 3002","service":"post-service","timestamp":"2026-02-05T14:08:40.867Z"}
{"level":"info","message":"MongoDB connected successfully","service":"post-service","timestamp":"2026-02-05T14:08:42.889Z"}
{"level":"info","message":"Connected to Rabbitmq","service":"post-service","timestamp":"2026-02-05T14:12:25.872Z"}
{"level":"info","message":"Post service running at port: 3002","service":"post-service","timestamp":"2026-02-05T14:12:25.879Z"}
{"level":"info","message":"MongoDB connected successfully","service":"post-service","timestamp":"2026-02-05T14:12:28.858Z"}
{"level":"info","message":"Received POST request to /api/post/create-post","service":"post-service","timestamp":"2026-02-05T15:25:09.266Z"}
{"level":"info","message":"Request body: [object Object]","service":"post-service","timestamp":"2026-02-05T15:25:09.275Z"}
{"level":"info","message":"Create post endpoint hit...","service":"post-service","timestamp":"2026-02-05T15:25:09.278Z"}
{"$__":{"$versionError":null,"activePaths":{"paths":{"content":"require","user":"require"},"states":{"default":{},"modify":{},"require":{"content":true,"user":true}}},"backup":{"activePaths":{"default":{"_id":true},"modify":{"content":true,"createdAt":true,"mediaIds":true,"updatedAt":true,"user":true}},"validationError":null},"cachedRequired":{},"inserting":true,"op":null,"pathsToScopes":{"mediaIds":{"__v":0,"_id":"6984b655fe75de26b2933ff5","content":"New Post 4","createdAt":"2026-02-05T15:25:09.311Z","mediaIds":[],"updatedAt":"2026-02-05T15:25:09.311Z","user":"6974bb03a8101a4c29f1e208"}},"saveOptions":null,"savedState":{},"saving":null,"validating":null},"$isNew":false,"_doc":{"__v":0,"_id":"6984b655fe75de26b2933ff5","content":"New Post 4","createdAt":"2026-02-05T15:25:09.311Z","mediaIds":[],"updatedAt":"2026-02-05T15:25:09.311Z","user":"6974bb03a8101a4c29f1e208"},"level":"info","message":"Post created successfully","service":"post-service","timestamp":"2026-02-05T15:25:09.587Z"}
{"level":"info","message":"Received POST request to /api/post/create-post","service":"post-service","timestamp":"2026-02-05T15:25:24.190Z"}
{"level":"info","message":"Request body: [object Object]","service":"post-service","timestamp":"2026-02-05T15:25:24.190Z"}
{"level":"info","message":"Create post endpoint hit...","service":"post-service","timestamp":"2026-02-05T15:25:24.191Z"}
{"$__":{"$versionError":null,"activePaths":{"paths":{"content":"require","user":"require"},"states":{"default":{},"modify":{},"require":{"content":true,"user":true}}},"backup":{"activePaths":{"default":{"_id":true},"modify":{"content":true,"createdAt":true,"mediaIds":true,"updatedAt":true,"user":true}},"validationError":null},"cachedRequired":{},"inserting":true,"op":null,"pathsToScopes":{"mediaIds":{"__v":0,"_id":"6984b664fe75de26b2933ff7","content":"New Post 4","createdAt":"2026-02-05T15:25:24.194Z","mediaIds":[],"updatedAt":"2026-02-05T15:25:24.194Z","user":"6974bb03a8101a4c29f1e208"}},"saveOptions":null,"savedState":{},"saving":null,"validating":null},"$isNew":false,"_doc":{"__v":0,"_id":"6984b664fe75de26b2933ff7","content":"New Post 4","createdAt":"2026-02-05T15:25:24.194Z","mediaIds":[],"updatedAt":"2026-02-05T15:25:24.194Z","user":"6974bb03a8101a4c29f1e208"},"level":"info","message":"Post created successfully","service":"post-service","timestamp":"2026-02-05T15:25:24.427Z"}
{"level":"info","message":"Received POST request to /api/post/create-post","service":"post-service","timestamp":"2026-02-05T15:26:12.956Z"}
{"level":"info","message":"Request body: [object Object]","service":"post-service","timestamp":"2026-02-05T15:26:12.956Z"}
{"level":"info","message":"Create post endpoint hit...","service":"post-service","timestamp":"2026-02-05T15:26:12.957Z"}
{"$__":{"$versionError":null,"activePaths":{"paths":{"content":"require","user":"require"},"states":{"default":{},"modify":{},"require":{"content":true,"user":true}}},"backup":{"activePaths":{"default":{"_id":true},"modify":{"content":true,"createdAt":true,"mediaIds":true,"updatedAt":true,"user":true}},"validationError":null},"cachedRequired":{},"inserting":true,"op":null,"pathsToScopes":{"mediaIds":{"__v":0,"_id":"6984b694fe75de26b2933ff9","content":"New Post 4","createdAt":"2026-02-05T15:26:12.960Z","mediaIds":["6984b5d470c1fed080b107db"],"updatedAt":"2026-02-05T15:26:12.960Z","user":"6974bb03a8101a4c29f1e208"}},"saveOptions":null,"savedState":{},"saving":null,"validating":null},"$isNew":false,"_doc":{"__v":0,"_id":"6984b694fe75de26b2933ff9","content":"New Post 4","createdAt":"2026-02-05T15:26:12.960Z","mediaIds":["6984b5d470c1fed080b107db"],"updatedAt":"2026-02-05T15:26:12.960Z","user":"6974bb03a8101a4c29f1e208"},"level":"info","message":"Post created successfully","service":"post-service","timestamp":"2026-02-05T15:26:13.163Z"}
{"level":"info","message":"Received POST request to /api/post/create-post","service":"post-service","timestamp":"2026-02-05T15:26:26.538Z"}
{"level":"info","message":"Request body: [object Object]","service":"post-service","timestamp":"2026-02-05T15:26:26.538Z"}
{"level":"info","message":"Create post endpoint hit...","service":"post-service","timestamp":"2026-02-05T15:26:26.539Z"}
{"$__":{"$versionError":null,"activePaths":{"paths":{"content":"require","user":"require"},"states":{"default":{},"modify":{},"require":{"content":true,"user":true}}},"backup":{"activePaths":{"default":{"_id":true},"modify":{"content":true,"createdAt":true,"mediaIds":true,"updatedAt":true,"user":true}},"validationError":null},"cachedRequired":{},"inserting":true,"op":null,"pathsToScopes":{"mediaIds":{"__v":0,"_id":"6984b6a2fe75de26b2933ffb","content":"New Post 5","createdAt":"2026-02-05T15:26:26.540Z","mediaIds":["6984b5d470c1fed080b107db"],"updatedAt":"2026-02-05T15:26:26.540Z","user":"6974bb03a8101a4c29f1e208"}},"saveOptions":null,"savedState":{},"saving":null,"validating":null},"$isNew":false,"_doc":{"__v":0,"_id":"6984b6a2fe75de26b2933ffb","content":"New Post 5","createdAt":"2026-02-05T15:26:26.540Z","mediaIds":["6984b5d470c1fed080b107db"],"updatedAt":"2026-02-05T15:26:26.540Z","user":"6974bb03a8101a4c29f1e208"},"level":"info","message":"Post created successfully","service":"post-service","timestamp":"2026-02-05T15:26:26.748Z"}
{"level":"info","message":"Received DELETE request to /api/post/6984b5d470c1fed080b107db","service":"post-service","timestamp":"2026-02-05T15:28:47.134Z"}
{"level":"info","message":"Request body: [object Object]","service":"post-service","timestamp":"2026-02-05T15:28:47.134Z"}
{"level":"info","message":"Received DELETE request to /api/post/6984b6a2fe75de26b2933ffb","service":"post-service","timestamp":"2026-02-05T15:29:35.778Z"}
{"level":"info","message":"Request body: [object Object]","service":"post-service","timestamp":"2026-02-05T15:29:35.779Z"}
{"level":"info","message":"Event published: post.deleted","service":"post-service","timestamp":"2026-02-05T15:29:36.007Z"}
{"level":"info","message":"MongoDB connected successfully","service":"post-service","timestamp":"2026-02-05T15:45:50.940Z"}
{"level":"info","message":"MongoDB connected successfully","service":"post-service","timestamp":"2026-02-05T16:03:20.572Z"}
{"level":"info","message":"MongoDB connected successfully","service":"post-service","timestamp":"2026-02-05T16:37:09.070Z"}
{"level":"info","message":"MongoDB connected successfully","service":"post-service","timestamp":"2026-02-05T16:46:11.970Z"}
{"level":"info","message":"MongoDB connected successfully","service":"post-service","timestamp":"2026-02-05T21:05:53.033Z"}
{"level":"info","message":"MongoDB connected successfully","service":"post-service","timestamp":"2026-02-06T05:42:54.090Z"}
{"level":"info","message":"MongoDB connected successfully","service":"post-service","timestamp":"2026-02-06T05:47:16.909Z"}
{"level":"info","message":"Received DELETE request to /api/post/6984b6a2fe75de26b2933ffb","service":"post-service","timestamp":"2026-02-06T07:00:29.159Z"}
{"level":"info","message":"Request body: [object Object]","service":"post-service","timestamp":"2026-02-06T07:00:29.166Z"}
{"level":"info","message":"Received GET request to /api/post/get-post","service":"post-service","timestamp":"2026-02-06T07:00:46.237Z"}
{"level":"info","message":"Request body: [object Object]","service":"post-service","timestamp":"2026-02-06T07:00:46.237Z"}
{"level":"info","message":"Get all post endpoint hit...","service":"post-service","timestamp":"2026-02-06T07:00:46.240Z"}
{"level":"info","message":"Received DELETE request to /api/post/6984b664fe75de26b2933ff7","service":"post-service","timestamp":"2026-02-06T07:01:21.926Z"}
{"level":"info","message":"Request body: [object Object]","service":"post-service","timestamp":"2026-02-06T07:01:21.927Z"}
{"level":"info","message":"Event published: post.deleted","service":"post-service","timestamp":"2026-02-06T07:01:22.149Z"}
{"level":"info","message":"Received GET request to /api/post/get-post","service":"post-service","timestamp":"2026-02-06T07:01:53.860Z"}
{"level":"info","message":"Request body: [object Object]","service":"post-service","timestamp":"2026-02-06T07:01:53.860Z"}
{"level":"info","message":"Get all post endpoint hit...","service":"post-service","timestamp":"2026-02-06T07:01:53.860Z"}
{"level":"info","message":"Received GET request to /api/post/get-post","service":"post-service","timestamp":"2026-02-06T07:01:59.971Z"}
{"level":"info","message":"Request body: [object Object]","service":"post-service","timestamp":"2026-02-06T07:01:59.971Z"}
{"level":"info","message":"Get all post endpoint hit...","service":"post-service","timestamp":"2026-02-06T07:01:59.972Z"}
{"level":"info","message":"Received GET request to /api/post/get-post","service":"post-service","timestamp":"2026-02-06T07:02:21.525Z"}
{"level":"info","message":"Request body: [object Object]","service":"post-service","timestamp":"2026-02-06T07:02:21.526Z"}
{"level":"info","message":"Get all post endpoint hit...","service":"post-service","timestamp":"2026-02-06T07:02:21.526Z"}
{"level":"info","message":"Received DELETE request to /api/post/6984b664fe75de26b2933ff7","service":"post-service","timestamp":"2026-02-06T07:02:36.017Z"}
{"level":"info","message":"Request body: [object Object]","service":"post-service","timestamp":"2026-02-06T07:02:36.018Z"}
{"level":"info","message":"Received DELETE request to /api/post/6984b664fe75de26b2933ff7","service":"post-service","timestamp":"2026-02-06T07:02:38.308Z"}
{"level":"info","message":"Request body: [object Object]","service":"post-service","timestamp":"2026-02-06T07:02:38.308Z"}
{"level":"info","message":"Received GET request to /api/post/get-post","service":"post-service","timestamp":"2026-02-06T07:02:48.224Z"}
{"level":"info","message":"Request body: [object Object]","service":"post-service","timestamp":"2026-02-06T07:02:48.225Z"}
{"level":"info","message":"Get all post endpoint hit...","service":"post-service","timestamp":"2026-02-06T07:02:48.225Z"}
{"level":"info","message":"Connected to Rabbitmq","service":"post-service","timestamp":"2026-02-06T07:03:40.784Z"}
{"level":"info","message":"Post service running at port: 3002","service":"post-service","timestamp":"2026-02-06T07:03:40.793Z"}
{"level":"info","message":"MongoDB connected successfully","service":"post-service","timestamp":"2026-02-06T07:03:43.073Z"}
{"level":"info","message":"Received GET request to /api/post/get-post","service":"post-service","timestamp":"2026-02-06T07:03:49.883Z"}
{"level":"info","message":"Request body: [object Object]","service":"post-service","timestamp":"2026-02-06T07:03:49.884Z"}
{"level":"info","message":"Get all post endpoint hit...","service":"post-service","timestamp":"2026-02-06T07:03:49.885Z"}
{"level":"info","message":"Received DELETE request to /api/post/6981bd48f8213cef392155ad","service":"post-service","timestamp":"2026-02-06T07:04:10.285Z"}
{"level":"info","message":"Request body: [object Object]","service":"post-service","timestamp":"2026-02-06T07:04:10.285Z"}
{"level":"info","message":"Event published: post.deleted","service":"post-service","timestamp":"2026-02-06T07:04:10.508Z"}
{"level":"info","message":"Received GET request to /api/post/get-post","service":"post-service","timestamp":"2026-02-06T07:04:15.184Z"}
{"level":"info","message":"Request body: [object Object]","service":"post-service","timestamp":"2026-02-06T07:04:15.185Z"}
{"level":"info","message":"Get all post endpoint hit...","service":"post-service","timestamp":"2026-02-06T07:04:15.185Z"}
{"level":"info","message":"MongoDB connected successfully","service":"post-service","timestamp":"2026-02-06T10:04:19.003Z"}
{"level":"info","message":"Received POST request to /api/post/create-post","service":"post-service","timestamp":"2026-02-06T10:23:37.640Z"}
{"level":"info","message":"Request body: [object Object]","service":"post-service","timestamp":"2026-02-06T10:23:37.643Z"}
{"level":"info","message":"Create post endpoint hit...","service":"post-service","timestamp":"2026-02-06T10:23:37.647Z"}
{"$__":{"$versionError":null,"activePaths":{"paths":{"content":"require","user":"require"},"states":{"default":{},"modify":{},"require":{"content":true,"user":true}}},"backup":{"activePaths":{"default":{"_id":true},"modify":{"content":true,"createdAt":true,"mediaIds":true,"updatedAt":true,"user":true}},"validationError":null},"cachedRequired":{},"inserting":true,"op":null,"pathsToScopes":{"mediaIds":{"__v":0,"_id":"6985c1290a6cc185b085641a","content":"New Post 6","createdAt":"2026-02-06T10:23:37.748Z","mediaIds":["6984b5d470c1fed080b107db","6985c0cb66efab5689da568c"],"updatedAt":"2026-02-06T10:23:37.748Z","user":"6974bb03a8101a4c29f1e208"}},"saveOptions":null,"savedState":{},"saving":null,"validating":null},"$isNew":false,"_doc":{"__v":0,"_id":"6985c1290a6cc185b085641a","content":"New Post 6","createdAt":"2026-02-06T10:23:37.748Z","mediaIds":["6984b5d470c1fed080b107db","6985c0cb66efab5689da568c"],"updatedAt":"2026-02-06T10:23:37.748Z","user":"6974bb03a8101a4c29f1e208"},"level":"info","message":"Post created successfully","service":"post-service","timestamp":"2026-02-06T10:23:39.570Z"}
{"level":"info","message":"Received GET request to /api/post/get-post","service":"post-service","timestamp":"2026-02-06T10:24:26.591Z"}
{"level":"info","message":"Request body: [object Object]","service":"post-service","timestamp":"2026-02-06T10:24:26.591Z"}
{"level":"info","message":"Get all post endpoint hit...","service":"post-service","timestamp":"2026-02-06T10:24:26.592Z"}
{"level":"info","message":"Received DELETE request to /api/post/6985c1290a6cc185b085641a","service":"post-service","timestamp":"2026-02-06T10:25:27.195Z"}
{"level":"info","message":"Request body: [object Object]","service":"post-service","timestamp":"2026-02-06T10:25:27.196Z"}
{"level":"info","message":"Event published: post.deleted","service":"post-service","timestamp":"2026-02-06T10:25:27.438Z"}
{"level":"info","message":"Received POST request to /api/post/create-post","service":"post-service","timestamp":"2026-02-06T10:30:26.709Z"}
{"level":"info","message":"Request body: [object Object]","service":"post-service","timestamp":"2026-02-06T10:30:26.709Z"}
{"level":"info","message":"Create post endpoint hit...","service":"post-service","timestamp":"2026-02-06T10:30:26.710Z"}
{"$__":{"$versionError":null,"activePaths":{"paths":{"content":"require","user":"require"},"states":{"default":{},"modify":{},"require":{"content":true,"user":true}}},"backup":{"activePaths":{"default":{"_id":true},"modify":{"content":true,"createdAt":true,"mediaIds":true,"updatedAt":true,"user":true}},"validationError":null},"cachedRequired":{},"inserting":true,"op":null,"pathsToScopes":{"mediaIds":{"__v":0,"_id":"6985c2c20a6cc185b085641f","content":"New Post 6","createdAt":"2026-02-06T10:30:26.712Z","mediaIds":["6984b5d470c1fed080b107db","6985c0cb66efab5689da568c"],"updatedAt":"2026-02-06T10:30:26.712Z","user":"6974bb03a8101a4c29f1e208"}},"saveOptions":null,"savedState":{},"saving":null,"validating":null},"$isNew":false,"_doc":{"__v":0,"_id":"6985c2c20a6cc185b085641f","content":"New Post 6","createdAt":"2026-02-06T10:30:26.712Z","mediaIds":["6984b5d470c1fed080b107db","6985c0cb66efab5689da568c"],"updatedAt":"2026-02-06T10:30:26.712Z","user":"6974bb03a8101a4c29f1e208"},"level":"info","message":"Post created successfully","service":"post-service","timestamp":"2026-02-06T10:30:27.065Z"}
{"level":"info","message":"Received GET request to /api/post/get-post","service":"post-service","timestamp":"2026-02-06T10:30:31.745Z"}
{"level":"info","message":"Request body: [object Object]","service":"post-service","timestamp":"2026-02-06T10:30:31.746Z"}
{"level":"info","message":"Get all post endpoint hit...","service":"post-service","timestamp":"2026-02-06T10:30:31.746Z"}
{"level":"info","message":"Received DELETE request to /api/post/6985c2c20a6cc185b085641f","service":"post-service","timestamp":"2026-02-06T10:30:50.038Z"}
{"level":"info","message":"Request body: [object Object]","service":"post-service","timestamp":"2026-02-06T10:30:50.039Z"}
{"level":"info","message":"Event published: post.deleted","service":"post-service","timestamp":"2026-02-06T10:30:50.303Z"}
{"level":"info","message":"Received POST request to /api/post/create-post","service":"post-service","timestamp":"2026-02-06T10:32:45.059Z"}
{"level":"info","message":"Request body: [object Object]","service":"post-service","timestamp":"2026-02-06T10:32:45.060Z"}
{"level":"info","message":"Create post endpoint hit...","service":"post-service","timestamp":"2026-02-06T10:32:45.060Z"}
{"$__":{"$versionError":null,"activePaths":{"paths":{"content":"require","user":"require"},"states":{"default":{},"modify":{},"require":{"content":true,"user":true}}},"backup":{"activePaths":{"default":{"_id":true},"modify":{"content":true,"createdAt":true,"mediaIds":true,"updatedAt":true,"user":true}},"validationError":null},"cachedRequired":{},"inserting":true,"op":null,"pathsToScopes":{"mediaIds":{"__v":0,"_id":"6985c34d0a6cc185b0856424","content":"New Post 6","createdAt":"2026-02-06T10:32:45.063Z","mediaIds":["6984b5d470c1fed080b107db","6985c0cb66efab5689da568c"],"updatedAt":"2026-02-06T10:32:45.063Z","user":"6974bb03a8101a4c29f1e208"}},"saveOptions":null,"savedState":{},"saving":null,"validating":null},"$isNew":false,"_doc":{"__v":0,"_id":"6985c34d0a6cc185b0856424","content":"New Post 6","createdAt":"2026-02-06T10:32:45.063Z","mediaIds":["6984b5d470c1fed080b107db","6985c0cb66efab5689da568c"],"updatedAt":"2026-02-06T10:32:45.063Z","user":"6974bb03a8101a4c29f1e208"},"level":"info","message":"Post created successfully","service":"post-service","timestamp":"2026-02-06T10:32:45.382Z"}
{"level":"info","message":"Received GET request to /api/post/get-post","service":"post-service","timestamp":"2026-02-06T10:32:51.519Z"}
{"level":"info","message":"Request body: [object Object]","service":"post-service","timestamp":"2026-02-06T10:32:51.519Z"}
{"level":"info","message":"Get all post endpoint hit...","service":"post-service","timestamp":"2026-02-06T10:32:51.519Z"}
{"level":"info","message":"Received DELETE request to /api/post/6985c34d0a6cc185b0856424","service":"post-service","timestamp":"2026-02-06T10:33:06.604Z"}
{"level":"info","message":"Request body: [object Object]","service":"post-service","timestamp":"2026-02-06T10:33:06.605Z"}
{"level":"info","message":"Event published: post.deleted","service":"post-service","timestamp":"2026-02-06T10:33:07.092Z"}
{"level":"info","message":"MongoDB connected successfully","service":"post-service","timestamp":"2026-02-06T11:48:10.294Z"}
{"level":"info","message":"Connected to Rabbitmq","service":"post-service","timestamp":"2026-02-06T12:40:35.516Z"}
{"level":"info","message":"Post service running at port: 3002","service":"post-service","timestamp":"2026-02-06T12:40:35.523Z"}
{"level":"info","message":"MongoDB connected successfully","service":"post-service","timestamp":"2026-02-06T12:40:39.812Z"}
{"level":"info","message":"Connected to Rabbitmq","service":"post-service","timestamp":"2026-02-06T12:48:31.064Z"}
{"level":"info","message":"Post service running at port: 3002","service":"post-service","timestamp":"2026-02-06T12:48:31.069Z"}
{"level":"info","message":"MongoDB connected successfully","service":"post-service","timestamp":"2026-02-06T12:48:33.347Z"}
{"level":"info","message":"Received POST request to /api/post/create-post","service":"post-service","timestamp":"2026-02-06T13:08:46.044Z"}
{"level":"info","message":"Request body: [object Object]","service":"post-service","timestamp":"2026-02-06T13:08:46.046Z"}
{"level":"info","message":"Create post endpoint hit...","service":"post-service","timestamp":"2026-02-06T13:08:46.047Z"}
{"level":"info","message":"Event published: post.created","service":"post-service","timestamp":"2026-02-06T13:08:46.300Z"}
{"$__":{"$versionError":null,"activePaths":{"paths":{"content":"require","user":"require"},"states":{"default":{},"modify":{},"require":{"content":true,"user":true}}},"backup":{"activePaths":{"default":{"_id":true},"modify":{"content":true,"createdAt":true,"mediaIds":true,"updatedAt":true,"user":true}},"validationError":null},"cachedRequired":{},"inserting":true,"op":null,"pathsToScopes":{"mediaIds":{"__v":0,"_id":"6985e7dece29433b0bc0c1d2","content":"New Post 7","createdAt":"2026-02-06T13:08:46.065Z","mediaIds":["6984b5d470c1fed080b107db","6985c0cb66efab5689da568c"],"updatedAt":"2026-02-06T13:08:46.065Z","user":"6974bb03a8101a4c29f1e208"}},"saveOptions":null,"savedState":{},"saving":null,"validating":null},"$isNew":false,"_doc":{"__v":0,"_id":"6985e7dece29433b0bc0c1d2","content":"New Post 7","createdAt":"2026-02-06T13:08:46.065Z","mediaIds":["6984b5d470c1fed080b107db","6985c0cb66efab5689da568c"],"updatedAt":"2026-02-06T13:08:46.065Z","user":"6974bb03a8101a4c29f1e208"},"level":"info","message":"Post created successfully","service":"post-service","timestamp":"2026-02-06T13:08:46.305Z"}
{"level":"info","message":"Received POST request to /api/post/create-post","service":"post-service","timestamp":"2026-02-06T13:16:37.472Z"}
{"level":"info","message":"Request body: [object Object]","service":"post-service","timestamp":"2026-02-06T13:16:37.472Z"}
{"level":"info","message":"Create post endpoint hit...","service":"post-service","timestamp":"2026-02-06T13:16:37.473Z"}
{"level":"info","message":"Event published: post.created","service":"post-service","timestamp":"2026-02-06T13:16:37.698Z"}
{"$__":{"$versionError":null,"activePaths":{"paths":{"content":"require","user":"require"},"states":{"default":{},"modify":{},"require":{"content":true,"user":true}}},"backup":{"activePaths":{"default":{"_id":true},"modify":{"content":true,"createdAt":true,"mediaIds":true,"updatedAt":true,"user":true}},"validationError":null},"cachedRequired":{},"inserting":true,"op":null,"pathsToScopes":{"mediaIds":{"__v":0,"_id":"6985e9b5ce29433b0bc0c1d4","content":"New Post 8","createdAt":"2026-02-06T13:16:37.477Z","mediaIds":["6984b5d470c1fed080b107db","6985c0cb66efab5689da568c"],"updatedAt":"2026-02-06T13:16:37.477Z","user":"6974bb03a8101a4c29f1e208"}},"saveOptions":null,"savedState":{},"saving":null,"validating":null},"$isNew":false,"_doc":{"__v":0,"_id":"6985e9b5ce29433b0bc0c1d4","content":"New Post 8","createdAt":"2026-02-06T13:16:37.477Z","mediaIds":["6984b5d470c1fed080b107db","6985c0cb66efab5689da568c"],"updatedAt":"2026-02-06T13:16:37.477Z","user":"6974bb03a8101a4c29f1e208"},"level":"info","message":"Post created successfully","service":"post-service","timestamp":"2026-02-06T13:16:37.700Z"}
{"level":"info","message":"Received POST request to /api/post/create-post","service":"post-service","timestamp":"2026-02-06T13:20:22.787Z"}
{"level":"info","message":"Request body: [object Object]","service":"post-service","timestamp":"2026-02-06T13:20:22.788Z"}
{"level":"info","message":"Create post endpoint hit...","service":"post-service","timestamp":"2026-02-06T13:20:22.788Z"}
{"level":"info","message":"Event published: post.created","service":"post-service","timestamp":"2026-02-06T13:20:23.014Z"}
{"$__":{"$versionError":null,"activePaths":{"paths":{"content":"require","user":"require"},"states":{"default":{},"modify":{},"require":{"content":true,"user":true}}},"backup":{"activePaths":{"default":{"_id":true},"modify":{"content":true,"createdAt":true,"mediaIds":true,"updatedAt":true,"user":true}},"validationError":null},"cachedRequired":{},"inserting":true,"op":null,"pathsToScopes":{"mediaIds":{"__v":0,"_id":"6985ea96ce29433b0bc0c1d6","content":"New Post 9","createdAt":"2026-02-06T13:20:22.791Z","mediaIds":["6984b5d470c1fed080b107db","6985c0cb66efab5689da568c"],"updatedAt":"2026-02-06T13:20:22.791Z","user":"6974bb03a8101a4c29f1e208"}},"saveOptions":null,"savedState":{},"saving":null,"validating":null},"$isNew":false,"_doc":{"__v":0,"_id":"6985ea96ce29433b0bc0c1d6","content":"New Post 9","createdAt":"2026-02-06T13:20:22.791Z","mediaIds":["6984b5d470c1fed080b107db","6985c0cb66efab5689da568c"],"updatedAt":"2026-02-06T13:20:22.791Z","user":"6974bb03a8101a4c29f1e208"},"level":"info","message":"Post created successfully","service":"post-service","timestamp":"2026-02-06T13:20:23.016Z"}
{"level":"info","message":"Received POST request to /api/post/create-post","service":"post-service","timestamp":"2026-02-06T13:20:57.309Z"}
{"level":"info","message":"Request body: [object Object]","service":"post-service","timestamp":"2026-02-06T13:20:57.310Z"}
{"level":"info","message":"Create post endpoint hit...","service":"post-service","timestamp":"2026-02-06T13:20:57.310Z"}
{"level":"info","message":"Event published: post.created","service":"post-service","timestamp":"2026-02-06T13:20:57.549Z"}
{"$__":{"$versionError":null,"activePaths":{"paths":{"content":"require","user":"require"},"states":{"default":{},"modify":{},"require":{"content":true,"user":true}}},"backup":{"activePaths":{"default":{"_id":true},"modify":{"content":true,"createdAt":true,"mediaIds":true,"updatedAt":true,"user":true}},"validationError":null},"cachedRequired":{},"inserting":true,"op":null,"pathsToScopes":{"mediaIds":{"__v":0,"_id":"6985eab9ce29433b0bc0c1d8","content":"New Post 10","createdAt":"2026-02-06T13:20:57.312Z","mediaIds":["6984b5d470c1fed080b107db","6985c0cb66efab5689da568c"],"updatedAt":"2026-02-06T13:20:57.312Z","user":"6974bb03a8101a4c29f1e208"}},"saveOptions":null,"savedState":{},"saving":null,"validating":null},"$isNew":false,"_doc":{"__v":0,"_id":"6985eab9ce29433b0bc0c1d8","content":"New Post 10","createdAt":"2026-02-06T13:20:57.312Z","mediaIds":["6984b5d470c1fed080b107db","6985c0cb66efab5689da568c"],"updatedAt":"2026-02-06T13:20:57.312Z","user":"6974bb03a8101a4c29f1e208"},"level":"info","message":"Post created successfully","service":"post-service","timestamp":"2026-02-06T13:20:57.552Z"}
{"level":"info","message":"Received POST request to /api/post/create-post","service":"post-service","timestamp":"2026-02-06T13:22:36.841Z"}
{"level":"info","message":"Request body: [object Object]","service":"post-service","timestamp":"2026-02-06T13:22:36.842Z"}
{"level":"info","message":"Create post endpoint hit...","service":"post-service","timestamp":"2026-02-06T13:22:36.842Z"}
{"level":"info","message":"Event published: post.created","service":"post-service","timestamp":"2026-02-06T13:22:37.048Z"}
{"$__":{"$versionError":null,"activePaths":{"paths":{"content":"require","user":"require"},"states":{"default":{},"modify":{},"require":{"content":true,"user":true}}},"backup":{"activePaths":{"default":{"_id":true},"modify":{"content":true,"createdAt":true,"mediaIds":true,"updatedAt":true,"user":true}},"validationError":null},"cachedRequired":{},"inserting":true,"op":null,"pathsToScopes":{"mediaIds":{"__v":0,"_id":"6985eb1cce29433b0bc0c1da","content":"New Post 11","createdAt":"2026-02-06T13:22:36.843Z","mediaIds":["6984b5d470c1fed080b107db","6985c0cb66efab5689da568c"],"updatedAt":"2026-02-06T13:22:36.843Z","user":"6974bb03a8101a4c29f1e208"}},"saveOptions":null,"savedState":{},"saving":null,"validating":null},"$isNew":false,"_doc":{"__v":0,"_id":"6985eb1cce29433b0bc0c1da","content":"New Post 11","createdAt":"2026-02-06T13:22:36.843Z","mediaIds":["6984b5d470c1fed080b107db","6985c0cb66efab5689da568c"],"updatedAt":"2026-02-06T13:22:36.843Z","user":"6974bb03a8101a4c29f1e208"},"level":"info","message":"Post created successfully","service":"post-service","timestamp":"2026-02-06T13:22:37.049Z"}
{"level":"info","message":"Received POST request to /api/post/create-post","service":"post-service","timestamp":"2026-02-06T13:26:11.066Z"}
{"level":"info","message":"Request body: [object Object]","service":"post-service","timestamp":"2026-02-06T13:26:11.066Z"}
{"level":"info","message":"Create post endpoint hit...","service":"post-service","timestamp":"2026-02-06T13:26:11.066Z"}
{"level":"info","message":"Event published: post.created","service":"post-service","timestamp":"2026-02-06T13:26:11.303Z"}
{"$__":{"$versionError":null,"activePaths":{"paths":{"content":"require","user":"require"},"states":{"default":{},"modify":{},"require":{"content":true,"user":true}}},"backup":{"activePaths":{"default":{"_id":true},"modify":{"content":true,"createdAt":true,"mediaIds":true,"updatedAt":true,"user":true}},"validationError":null},"cachedRequired":{},"inserting":true,"op":null,"pathsToScopes":{"mediaIds":{"__v":0,"_id":"6985ebf3ce29433b0bc0c1dc","content":"New Post 12","createdAt":"2026-02-06T13:26:11.068Z","mediaIds":["6984b5d470c1fed080b107db","6985c0cb66efab5689da568c"],"updatedAt":"2026-02-06T13:26:11.068Z","user":"6974bb03a8101a4c29f1e208"}},"saveOptions":null,"savedState":{},"saving":null,"validating":null},"$isNew":false,"_doc":{"__v":0,"_id":"6985ebf3ce29433b0bc0c1dc","content":"New Post 12","createdAt":"2026-02-06T13:26:11.068Z","mediaIds":["6984b5d470c1fed080b107db","6985c0cb66efab5689da568c"],"updatedAt":"2026-02-06T13:26:11.068Z","user":"6974bb03a8101a4c29f1e208"},"level":"info","message":"Post created successfully","service":"post-service","timestamp":"2026-02-06T13:26:11.305Z"}
{"level":"info","message":"Received POST request to /api/post/create-post","service":"post-service","timestamp":"2026-02-06T13:29:40.953Z"}
{"level":"info","message":"Request body: [object Object]","service":"post-service","timestamp":"2026-02-06T13:29:40.954Z"}
{"level":"info","message":"Create post endpoint hit...","service":"post-service","timestamp":"2026-02-06T13:29:40.954Z"}
{"level":"info","message":"Event published: post.created","service":"post-service","timestamp":"2026-02-06T13:29:41.167Z"}
{"$__":{"$versionError":null,"activePaths":{"paths":{"content":"require","user":"require"},"states":{"default":{},"modify":{},"require":{"content":true,"user":true}}},"backup":{"activePaths":{"default":{"_id":true},"modify":{"content":true,"createdAt":true,"mediaIds":true,"updatedAt":true,"user":true}},"validationError":null},"cachedRequired":{},"inserting":true,"op":null,"pathsToScopes":{"mediaIds":{"__v":0,"_id":"6985ecc4ce29433b0bc0c1de","content":"New Post 13","createdAt":"2026-02-06T13:29:40.955Z","mediaIds":["6984b5d470c1fed080b107db","6985c0cb66efab5689da568c"],"updatedAt":"2026-02-06T13:29:40.955Z","user":"6974bb03a8101a4c29f1e208"}},"saveOptions":null,"savedState":{},"saving":null,"validating":null},"$isNew":false,"_doc":{"__v":0,"_id":"6985ecc4ce29433b0bc0c1de","content":"New Post 13","createdAt":"2026-02-06T13:29:40.955Z","mediaIds":["6984b5d470c1fed080b107db","6985c0cb66efab5689da568c"],"updatedAt":"2026-02-06T13:29:40.955Z","user":"6974bb03a8101a4c29f1e208"},"level":"info","message":"Post created successfully","service":"post-service","timestamp":"2026-02-06T13:29:41.169Z"}
{"level":"info","message":"Received POST request to /api/post/create-post","service":"post-service","timestamp":"2026-02-06T13:29:55.163Z"}
{"level":"info","message":"Request body: [object Object]","service":"post-service","timestamp":"2026-02-06T13:29:55.164Z"}
{"level":"info","message":"Create post endpoint hit...","service":"post-service","timestamp":"2026-02-06T13:29:55.164Z"}
{"level":"info","message":"Event published: post.created","service":"post-service","timestamp":"2026-02-06T13:29:55.366Z"}
{"$__":{"$versionError":null,"activePaths":{"paths":{"content":"require","user":"require"},"states":{"default":{},"modify":{},"require":{"content":true,"user":true}}},"backup":{"activePaths":{"default":{"_id":true},"modify":{"content":true,"createdAt":true,"mediaIds":true,"updatedAt":true,"user":true}},"validationError":null},"cachedRequired":{},"inserting":true,"op":null,"pathsToScopes":{"mediaIds":{"__v":0,"_id":"6985ecd3ce29433b0bc0c1e0","content":"New Post 14","createdAt":"2026-02-06T13:29:55.165Z","mediaIds":["6984b5d470c1fed080b107db","6985c0cb66efab5689da568c"],"updatedAt":"2026-02-06T13:29:55.165Z","user":"6974bb03a8101a4c29f1e208"}},"saveOptions":null,"savedState":{},"saving":null,"validating":null},"$isNew":false,"_doc":{"__v":0,"_id":"6985ecd3ce29433b0bc0c1e0","content":"New Post 14","createdAt":"2026-02-06T13:29:55.165Z","mediaIds":["6984b5d470c1fed080b107db","6985c0cb66efab5689da568c"],"updatedAt":"2026-02-06T13:29:55.165Z","user":"6974bb03a8101a4c29f1e208"},"level":"info","message":"Post created successfully","service":"post-service","timestamp":"2026-02-06T13:29:55.367Z"}
