{"level":"info","message":"Identity service running on port: 3001","service":"identity-service","timestamp":"2026-01-23T14:51:55.715Z"}
{"0":"r","1":"e","2":"a","3":"a","4":"s","5":"o","6":"n","7":":","8":" ","level":"error","message":"Unhandled Rejection at","service":"identity-service","timestamp":"2026-01-23T14:52:06.501Z"}
{"0":"r","1":"e","2":"a","3":"a","4":"s","5":"o","6":"n","7":":","8":" ","level":"error","message":"Unhandled Rejection at","service":"identity-service","timestamp":"2026-01-23T14:52:06.505Z"}
{"level":"info","message":"Identity service running on port: 3001","service":"identity-service","timestamp":"2026-01-23T14:52:51.992Z"}
{"0":"r","1":"e","2":"a","3":"a","4":"s","5":"o","6":"n","7":":","8":" ","code":"ETIMEOUT","hostname":"_mongodb._tcp.cluster0.md6oqwh.mongodb.net","level":"error","message":"Unhandled Rejection at","service":"identity-service","syscall":"querySrv","timestamp":"2026-01-23T14:53:38.303Z"}
{"level":"info","message":"Identity service running on port: 3001","service":"identity-service","timestamp":"2026-01-23T14:55:09.743Z"}
{"0":"r","1":"e","2":"a","3":"a","4":"s","5":"o","6":"n","7":":","8":" ","code":"ECONNREFUSED","hostname":"_mongodb._tcp.cluster0.md6oqwh.mongodb.net","level":"error","message":"Unhandled Rejection at","service":"identity-service","syscall":"querySrv","timestamp":"2026-01-23T14:55:51.015Z"}
{"level":"info","message":"Identity service running on port: 3001","service":"identity-service","timestamp":"2026-01-23T14:56:30.001Z"}
{"level":"info","message":"MongoDB connected successfully","service":"identity-service","timestamp":"2026-01-23T14:56:42.973Z"}
{"level":"info","message":"Identity service running on port: 3001","service":"identity-service","timestamp":"2026-01-23T15:01:10.198Z"}
{"level":"info","message":"MongoDB connected successfully","service":"identity-service","timestamp":"2026-01-23T15:01:21.521Z"}
{"level":"info","message":"Received POST request to /api/auth/register","service":"identity-service","timestamp":"2026-01-23T15:02:08.324Z"}
{"level":"info","message":"Request body: [object Object]","service":"identity-service","timestamp":"2026-01-23T15:02:08.325Z"}
{"level":"info","message":"Received POST request to /api/auth/register","service":"identity-service","timestamp":"2026-01-23T15:03:22.331Z"}
{"level":"info","message":"Request body: [object Object]","service":"identity-service","timestamp":"2026-01-23T15:03:22.332Z"}
{"level":"info","message":"Received POST request to /api/auth/register","service":"identity-service","timestamp":"2026-01-23T15:03:24.860Z"}
{"level":"info","message":"Request body: [object Object]","service":"identity-service","timestamp":"2026-01-23T15:03:24.861Z"}
{"level":"info","message":"Received POST request to /","service":"identity-service","timestamp":"2026-01-23T15:03:32.257Z"}
{"level":"info","message":"Request body: [object Object]","service":"identity-service","timestamp":"2026-01-23T15:03:32.258Z"}
{"level":"info","message":"Received GET request to /","service":"identity-service","timestamp":"2026-01-23T15:03:36.500Z"}
{"level":"info","message":"Request body: [object Object]","service":"identity-service","timestamp":"2026-01-23T15:03:36.501Z"}
{"level":"info","message":"Identity service running on port: 3001","service":"identity-service","timestamp":"2026-01-23T15:04:06.489Z"}
{"level":"info","message":"MongoDB connected successfully","service":"identity-service","timestamp":"2026-01-23T15:04:31.812Z"}
{"level":"info","message":"Received POST request to /api/auth/register","service":"identity-service","timestamp":"2026-01-23T15:04:39.916Z"}
{"level":"info","message":"Request body: [object Object]","service":"identity-service","timestamp":"2026-01-23T15:04:39.916Z"}
{"level":"info","message":"Registration endpoint hit...","service":"identity-service","timestamp":"2026-01-23T15:04:39.930Z"}
{"0":"\"","1":"p","10":" ","11":"l","12":"e","13":"n","14":"g","15":"t","16":"h","17":" ","18":"m","19":"u","2":"a","20":"s","21":"t","22":" ","23":"b","24":"e","25":" ","26":"a","27":"t","28":" ","29":"l","3":"s","30":"e","31":"a","32":"s","33":"t","34":" ","35":"6","36":" ","37":"c","38":"h","39":"a","4":"s","40":"r","41":"a","42":"c","43":"t","44":"e","45":"r","46":"s","47":" ","48":"l","49":"o","5":"w","50":"n","51":"g","6":"o","7":"r","8":"d","9":"\"","level":"warn","message":"Validation error","service":"identity-service","timestamp":"2026-01-23T15:04:39.949Z"}
{"level":"info","message":"Received POST request to /api/auth/register","service":"identity-service","timestamp":"2026-01-23T15:04:50.112Z"}
{"level":"info","message":"Request body: [object Object]","service":"identity-service","timestamp":"2026-01-23T15:04:50.114Z"}
{"level":"info","message":"Registration endpoint hit...","service":"identity-service","timestamp":"2026-01-23T15:04:50.122Z"}
{"buffer":{"data":[105,115,142,19,212,243,152,110,86,110,30,46],"type":"Buffer"},"level":"info","message":"User saved successfully","service":"identity-service","timestamp":"2026-01-23T15:04:51.770Z"}
{"level":"error","message":"Registration error occured!","service":"identity-service","timestamp":"2026-01-23T15:04:51.775Z"}
{"level":"info","message":"Received POST request to /api/auth/register","service":"identity-service","timestamp":"2026-01-23T15:04:54.651Z"}
{"level":"info","message":"Request body: [object Object]","service":"identity-service","timestamp":"2026-01-23T15:04:54.652Z"}
{"level":"info","message":"Registration endpoint hit...","service":"identity-service","timestamp":"2026-01-23T15:04:54.655Z"}
{"level":"warn","message":"User already exists..","service":"identity-service","timestamp":"2026-01-23T15:04:54.969Z"}
{"level":"info","message":"Received POST request to /api/auth/register","service":"identity-service","timestamp":"2026-01-23T15:05:54.659Z"}
{"level":"info","message":"Request body: [object Object]","service":"identity-service","timestamp":"2026-01-23T15:05:54.660Z"}
{"level":"info","message":"Registration endpoint hit...","service":"identity-service","timestamp":"2026-01-23T15:05:54.664Z"}
{"buffer":{"data":[105,115,142,82,212,243,152,110,86,110,30,50],"type":"Buffer"},"level":"info","message":"User saved successfully","service":"identity-service","timestamp":"2026-01-23T15:05:55.528Z"}
{"level":"error","message":"Registration error occured!","service":"identity-service","timestamp":"2026-01-23T15:05:55.530Z"}
{"level":"info","message":"Identity service running on port: 3001","service":"identity-service","timestamp":"2026-01-23T15:07:35.355Z"}
{"level":"info","message":"MongoDB connected successfully","service":"identity-service","timestamp":"2026-01-23T15:07:45.640Z"}
{"level":"info","message":"Received POST request to /api/auth/register","service":"identity-service","timestamp":"2026-01-23T15:07:47.831Z"}
{"level":"info","message":"Request body: [object Object]","service":"identity-service","timestamp":"2026-01-23T15:07:47.832Z"}
{"level":"info","message":"Registration endpoint hit...","service":"identity-service","timestamp":"2026-01-23T15:07:47.849Z"}
{"buffer":{"data":[105,115,142,196,174,100,42,212,93,6,156,110],"type":"Buffer"},"level":"info","message":"User saved successfully","service":"identity-service","timestamp":"2026-01-23T15:07:49.443Z"}
{"level":"error","message":"Registration error occured!","service":"identity-service","timestamp":"2026-01-23T15:07:49.448Z"}
{"level":"info","message":"Identity service running on port: 3001","service":"identity-service","timestamp":"2026-01-23T15:09:20.874Z"}
{"level":"info","message":"MongoDB connected successfully","service":"identity-service","timestamp":"2026-01-23T15:09:36.603Z"}
{"level":"info","message":"Received POST request to /api/auth/register","service":"identity-service","timestamp":"2026-01-23T15:10:11.927Z"}
{"level":"info","message":"Request body: [object Object]","service":"identity-service","timestamp":"2026-01-23T15:10:11.927Z"}
{"level":"info","message":"Registration endpoint hit...","service":"identity-service","timestamp":"2026-01-23T15:10:11.934Z"}
{"buffer":{"data":[105,115,143,84,31,227,76,86,231,37,40,211],"type":"Buffer"},"level":"info","message":"User saved successfully","service":"identity-service","timestamp":"2026-01-23T15:10:12.565Z"}
{"level":"error","message":"Registration error occured!","service":"identity-service","timestamp":"2026-01-23T15:10:12.566Z"}
{"level":"info","message":"Identity service running on port: 3001","service":"identity-service","timestamp":"2026-01-23T15:11:06.342Z"}
{"level":"info","message":"MongoDB connected successfully","service":"identity-service","timestamp":"2026-01-23T15:11:13.387Z"}
{"level":"info","message":"Received POST request to /api/auth/register","service":"identity-service","timestamp":"2026-01-23T15:11:24.660Z"}
{"level":"info","message":"Request body: [object Object]","service":"identity-service","timestamp":"2026-01-23T15:11:24.661Z"}
{"level":"info","message":"Registration endpoint hit...","service":"identity-service","timestamp":"2026-01-23T15:11:24.668Z"}
{"level":"warn","message":"User already exists..","service":"identity-service","timestamp":"2026-01-23T15:11:24.975Z"}
{"level":"info","message":"Received POST request to /api/auth/register","service":"identity-service","timestamp":"2026-01-23T15:11:32.311Z"}
{"level":"info","message":"Request body: [object Object]","service":"identity-service","timestamp":"2026-01-23T15:11:32.312Z"}
{"level":"info","message":"Registration endpoint hit...","service":"identity-service","timestamp":"2026-01-23T15:11:32.313Z"}
{"buffer":{"data":[105,115,143,165,145,214,118,200,53,229,122,110],"type":"Buffer"},"level":"info","message":"User saved successfully","service":"identity-service","timestamp":"2026-01-23T15:11:33.485Z"}
{"level":"error","message":"Registration error occured!","service":"identity-service","timestamp":"2026-01-23T15:11:33.488Z"}
{"level":"info","message":"Identity service running on port: 3001","service":"identity-service","timestamp":"2026-01-23T15:12:42.134Z"}
{"level":"info","message":"Received POST request to /api/auth/register","service":"identity-service","timestamp":"2026-01-23T15:13:05.638Z"}
{"level":"info","message":"Request body: [object Object]","service":"identity-service","timestamp":"2026-01-23T15:13:05.639Z"}
{"level":"info","message":"Registration endpoint hit...","service":"identity-service","timestamp":"2026-01-23T15:13:05.650Z"}
{"level":"info","message":"MongoDB connected successfully","service":"identity-service","timestamp":"2026-01-23T15:13:06.522Z"}
{"buffer":{"data":[105,115,144,7,243,226,217,203,39,187,159,209],"type":"Buffer"},"level":"info","message":"User saved successfully","service":"identity-service","timestamp":"2026-01-23T15:13:12.064Z"}
{"level":"error","message":"Registration error occured!","service":"identity-service","timestamp":"2026-01-23T15:13:12.076Z"}
{"level":"info","message":"Identity service running on port: 3001","service":"identity-service","timestamp":"2026-01-23T15:15:08.305Z"}
{"level":"info","message":"MongoDB connected successfully","service":"identity-service","timestamp":"2026-01-23T15:15:17.691Z"}
{"level":"info","message":"Received POST request to /api/auth/register","service":"identity-service","timestamp":"2026-01-23T15:15:25.788Z"}
{"level":"info","message":"Request body: [object Object]","service":"identity-service","timestamp":"2026-01-23T15:15:25.788Z"}
{"level":"info","message":"Registration endpoint hit...","service":"identity-service","timestamp":"2026-01-23T15:15:25.797Z"}
{"buffer":{"data":[105,115,144,142,38,118,227,119,72,185,51,65],"type":"Buffer"},"level":"info","message":"User saved successfully","service":"identity-service","timestamp":"2026-01-23T15:15:26.521Z"}
{"level":"error","message":"Registration error occured!","service":"identity-service","timestamp":"2026-01-23T15:15:26.535Z"}
{"level":"info","message":"Identity service running on port: 3001","service":"identity-service","timestamp":"2026-01-23T15:16:52.454Z"}
{"level":"info","message":"Received POST request to /api/auth/register","service":"identity-service","timestamp":"2026-01-23T15:17:03.322Z"}
{"level":"info","message":"Request body: [object Object]","service":"identity-service","timestamp":"2026-01-23T15:17:03.323Z"}
{"level":"info","message":"Registration endpoint hit...","service":"identity-service","timestamp":"2026-01-23T15:17:03.329Z"}
{"level":"info","message":"MongoDB connected successfully","service":"identity-service","timestamp":"2026-01-23T15:17:11.077Z"}
{"buffer":{"data":[105,115,144,251,136,35,85,219,39,166,99,93],"type":"Buffer"},"level":"info","message":"User saved successfully","service":"identity-service","timestamp":"2026-01-23T15:17:15.489Z"}
{"level":"error","message":"Registration error occured!","service":"identity-service","timestamp":"2026-01-23T15:17:15.504Z"}
{"level":"info","message":"Identity service running on port: 3001","service":"identity-service","timestamp":"2026-01-23T15:17:47.559Z"}
{"level":"info","message":"MongoDB connected successfully","service":"identity-service","timestamp":"2026-01-23T15:17:59.077Z"}
{"level":"info","message":"Received POST request to /api/auth/register","service":"identity-service","timestamp":"2026-01-23T15:17:59.647Z"}
{"level":"info","message":"Request body: [object Object]","service":"identity-service","timestamp":"2026-01-23T15:17:59.647Z"}
{"level":"info","message":"Registration endpoint hit...","service":"identity-service","timestamp":"2026-01-23T15:17:59.653Z"}
{"buffer":{"data":[105,115,145,50,71,104,249,216,26,165,237,254],"type":"Buffer"},"level":"info","message":"User saved successfully","service":"identity-service","timestamp":"2026-01-23T15:18:10.447Z"}
{"level":"error","message":"Registration error occured!","service":"identity-service","timestamp":"2026-01-23T15:18:10.457Z"}
{"level":"info","message":"Identity service running on port: 3001","service":"identity-service","timestamp":"2026-01-23T15:19:01.364Z"}
{"level":"info","message":"MongoDB connected successfully","service":"identity-service","timestamp":"2026-01-23T15:19:08.862Z"}
{"level":"info","message":"Received POST request to /api/auth/register","service":"identity-service","timestamp":"2026-01-23T15:19:14.403Z"}
{"level":"info","message":"Request body: [object Object]","service":"identity-service","timestamp":"2026-01-23T15:19:14.404Z"}
{"level":"info","message":"Registration endpoint hit...","service":"identity-service","timestamp":"2026-01-23T15:19:14.412Z"}
{"buffer":{"data":[105,115,145,115,244,19,145,238,22,180,108,91],"type":"Buffer"},"level":"info","message":"User saved successfully","service":"identity-service","timestamp":"2026-01-23T15:19:15.746Z"}
{"level":"error","message":"Registration error occured!","service":"identity-service","timestamp":"2026-01-23T15:19:15.761Z"}
{"level":"info","message":"Identity service running on port: 3001","service":"identity-service","timestamp":"2026-01-23T15:22:52.867Z"}
{"level":"info","message":"MongoDB connected successfully","service":"identity-service","timestamp":"2026-01-23T15:23:00.585Z"}
{"level":"info","message":"Identity service running on port: 3001","service":"identity-service","timestamp":"2026-01-23T15:23:46.920Z"}
{"level":"info","message":"Received POST request to /api/auth/register","service":"identity-service","timestamp":"2026-01-23T15:23:59.126Z"}
{"level":"info","message":"Request body: [object Object]","service":"identity-service","timestamp":"2026-01-23T15:23:59.129Z"}
{"level":"info","message":"Registration endpoint hit...","service":"identity-service","timestamp":"2026-01-23T15:23:59.138Z"}
{"level":"info","message":"MongoDB connected successfully","service":"identity-service","timestamp":"2026-01-23T15:24:00.759Z"}
{"buffer":{"data":[105,115,146,147,76,6,124,71,211,51,149,209],"type":"Buffer"},"level":"info","message":"User saved successfully","service":"identity-service","timestamp":"2026-01-23T15:24:04.204Z"}
{"level":"info","message":"Identity service running on port: 3001","service":"identity-service","timestamp":"2026-01-23T15:24:37.983Z"}
{"level":"info","message":"Identity service running on port: 3001","service":"identity-service","timestamp":"2026-01-23T15:24:53.762Z"}
{"level":"info","message":"MongoDB connected successfully","service":"identity-service","timestamp":"2026-01-23T15:25:02.152Z"}
{"level":"info","message":"Identity service running on port: 3001","service":"identity-service","timestamp":"2026-01-23T15:26:40.620Z"}
{"level":"info","message":"MongoDB connected successfully","service":"identity-service","timestamp":"2026-01-23T15:26:51.808Z"}
{"level":"info","message":"MongoDB connected successfully","service":"identity-service","timestamp":"2026-01-23T15:48:51.489Z"}
{"level":"info","message":"MongoDB connected successfully","service":"identity-service","timestamp":"2026-01-23T20:38:52.558Z"}
{"level":"info","message":"MongoDB connected successfully","service":"identity-service","timestamp":"2026-01-23T21:04:51.817Z"}
{"level":"info","message":"Identity service running on port: 3001","service":"identity-service","timestamp":"2026-01-24T12:11:45.925Z"}
{"level":"info","message":"MongoDB connected successfully","service":"identity-service","timestamp":"2026-01-24T12:11:49.034Z"}
{"level":"info","message":"Received POST request to /api/auth/register","service":"identity-service","timestamp":"2026-01-24T12:12:31.606Z"}
{"level":"info","message":"Request body: [object Object]","service":"identity-service","timestamp":"2026-01-24T12:12:31.607Z"}
{"level":"info","message":"Registration endpoint hit...","service":"identity-service","timestamp":"2026-01-24T12:12:31.612Z"}
{"buffer":{"data":[105,116,183,47,168,16,26,76,41,241,225,244],"type":"Buffer"},"level":"info","message":"User saved successfully","service":"identity-service","timestamp":"2026-01-24T12:12:32.146Z"}
{"level":"info","message":"Received POST request to /api/auth/register","service":"identity-service","timestamp":"2026-01-24T12:26:03.617Z"}
{"level":"info","message":"Request body: [object Object]","service":"identity-service","timestamp":"2026-01-24T12:26:03.617Z"}
{"level":"info","message":"Registration endpoint hit...","service":"identity-service","timestamp":"2026-01-24T12:26:03.619Z"}
{"buffer":{"data":[105,116,186,91,168,16,26,76,41,241,225,249],"type":"Buffer"},"level":"info","message":"User saved successfully","service":"identity-service","timestamp":"2026-01-24T12:26:04.123Z"}
{"level":"info","message":"Received POST request to /api/auth/register","service":"identity-service","timestamp":"2026-01-24T12:27:13.183Z"}
{"level":"info","message":"Request body: [object Object]","service":"identity-service","timestamp":"2026-01-24T12:27:13.183Z"}
{"level":"info","message":"Registration endpoint hit...","service":"identity-service","timestamp":"2026-01-24T12:27:13.185Z"}
{"buffer":{"data":[105,116,186,161,168,16,26,76,41,241,225,254],"type":"Buffer"},"level":"info","message":"User saved successfully","service":"identity-service","timestamp":"2026-01-24T12:27:13.671Z"}
{"level":"info","message":"Received POST request to /api/auth/register","service":"identity-service","timestamp":"2026-01-24T12:28:17.462Z"}
{"level":"info","message":"Request body: [object Object]","service":"identity-service","timestamp":"2026-01-24T12:28:17.463Z"}
{"level":"info","message":"Registration endpoint hit...","service":"identity-service","timestamp":"2026-01-24T12:28:17.464Z"}
{"buffer":{"data":[105,116,186,225,168,16,26,76,41,241,226,3],"type":"Buffer"},"level":"info","message":"User saved successfully","service":"identity-service","timestamp":"2026-01-24T12:28:17.960Z"}
{"level":"info","message":"Received POST request to /api/auth/register","service":"identity-service","timestamp":"2026-01-24T12:28:51.638Z"}
{"level":"info","message":"Request body: [object Object]","service":"identity-service","timestamp":"2026-01-24T12:28:51.638Z"}
{"level":"info","message":"Registration endpoint hit...","service":"identity-service","timestamp":"2026-01-24T12:28:51.640Z"}
{"buffer":{"data":[105,116,187,3,168,16,26,76,41,241,226,8],"type":"Buffer"},"level":"info","message":"User saved successfully","service":"identity-service","timestamp":"2026-01-24T12:28:52.132Z"}
{"level":"info","message":"Received POST request to /api/auth/register","service":"identity-service","timestamp":"2026-01-24T12:30:36.822Z"}
{"level":"info","message":"Request body: [object Object]","service":"identity-service","timestamp":"2026-01-24T12:30:36.822Z"}
{"level":"info","message":"Registration endpoint hit...","service":"identity-service","timestamp":"2026-01-24T12:30:36.824Z"}
{"level":"warn","message":"User already exists..","service":"identity-service","timestamp":"2026-01-24T12:30:37.036Z"}
{"level":"info","message":"Identity service running on port: 3001","service":"identity-service","timestamp":"2026-01-24T12:33:33.367Z"}
{"level":"info","message":"MongoDB connected successfully","service":"identity-service","timestamp":"2026-01-24T12:33:38.003Z"}
{"level":"info","message":"Identity service running on port: 3001","service":"identity-service","timestamp":"2026-01-24T12:38:34.979Z"}
{"level":"info","message":"MongoDB connected successfully","service":"identity-service","timestamp":"2026-01-24T12:38:39.842Z"}
{"level":"info","message":"Identity service running on port: 3001","service":"identity-service","timestamp":"2026-01-24T12:49:02.322Z"}
{"level":"info","message":"MongoDB connected successfully","service":"identity-service","timestamp":"2026-01-24T12:49:17.793Z"}
{"level":"info","message":"Identity service running on port: 3001","service":"identity-service","timestamp":"2026-01-24T12:54:03.566Z"}
{"level":"info","message":"MongoDB connected successfully","service":"identity-service","timestamp":"2026-01-24T12:54:08.099Z"}
{"level":"info","message":"Received POST request to /api/auth/login","service":"identity-service","timestamp":"2026-01-24T12:54:25.264Z"}
{"level":"info","message":"Request body: [object Object]","service":"identity-service","timestamp":"2026-01-24T12:54:25.264Z"}
{"level":"info","message":"Login endpoint hit...","service":"identity-service","timestamp":"2026-01-24T12:54:25.270Z"}
{"level":"info","message":"Identity service running on port: 3001","service":"identity-service","timestamp":"2026-01-24T13:06:16.880Z"}
{"level":"info","message":"MongoDB connected successfully","service":"identity-service","timestamp":"2026-01-24T13:06:21.738Z"}
{"level":"info","message":"Identity service running on port: 3001","service":"identity-service","timestamp":"2026-01-24T13:07:34.341Z"}
{"level":"info","message":"MongoDB connected successfully","service":"identity-service","timestamp":"2026-01-24T13:07:38.956Z"}
{"level":"info","message":"Identity service running on port: 3001","service":"identity-service","timestamp":"2026-01-24T13:23:52.975Z"}
{"level":"info","message":"MongoDB connected successfully","service":"identity-service","timestamp":"2026-01-24T13:23:59.004Z"}
{"level":"info","message":"Identity service running on port: 3001","service":"identity-service","timestamp":"2026-01-24T13:26:24.508Z"}
{"level":"info","message":"MongoDB connected successfully","service":"identity-service","timestamp":"2026-01-24T13:26:28.029Z"}
{"level":"info","message":"Identity service running on port: 3001","service":"identity-service","timestamp":"2026-01-24T13:27:08.626Z"}
{"level":"info","message":"MongoDB connected successfully","service":"identity-service","timestamp":"2026-01-24T13:27:11.336Z"}
{"level":"info","message":"MongoDB connected successfully","service":"identity-service","timestamp":"2026-01-24T18:50:42.561Z"}
{"level":"info","message":"MongoDB connected successfully","service":"identity-service","timestamp":"2026-01-24T20:14:55.216Z"}
{"level":"info","message":"MongoDB connected successfully","service":"identity-service","timestamp":"2026-01-25T14:23:15.208Z"}
{"level":"info","message":"MongoDB connected successfully","service":"identity-service","timestamp":"2026-01-25T17:03:34.135Z"}
{"level":"info","message":"MongoDB connected successfully","service":"identity-service","timestamp":"2026-01-25T20:38:39.931Z"}
