{"level":"info","message":"Connected to Rabbitmq","service":"post-service","timestamp":"2026-02-06T13:02:47.792Z"}
{"level":"info","message":"Subscribed to event: post.created","service":"post-service","timestamp":"2026-02-06T13:02:47.854Z"}
{"level":"info","message":"Post service running at port: 3004","service":"post-service","timestamp":"2026-02-06T13:02:47.858Z"}
{"level":"info","message":"MongoDB connected successfully","service":"post-service","timestamp":"2026-02-06T13:02:52.044Z"}
{"level":"info","message":"Connected to Rabbitmq","service":"post-service","timestamp":"2026-02-06T13:06:25.998Z"}
{"level":"info","message":"Subscribed to event: post.created","service":"post-service","timestamp":"2026-02-06T13:06:26.029Z"}
{"level":"info","message":"Search service running at port: 3004","service":"post-service","timestamp":"2026-02-06T13:06:26.033Z"}
{"level":"info","message":"MongoDB connected successfully","service":"post-service","timestamp":"2026-02-06T13:06:30.412Z"}
{"level":"error","message":"Unhandled rejection at [object Promise] reason: ReferenceError: logger is not defined","service":"post-service","timestamp":"2026-02-06T13:08:46.590Z"}
{"level":"info","message":"Connected to Rabbitmq","service":"search-service","timestamp":"2026-02-06T13:11:42.525Z"}
{"level":"info","message":"Subscribed to event: post.created","service":"search-service","timestamp":"2026-02-06T13:11:42.536Z"}
{"level":"info","message":"Search service running at port: 3004","service":"search-service","timestamp":"2026-02-06T13:11:42.540Z"}
{"level":"info","message":"MongoDB connected successfully","service":"search-service","timestamp":"2026-02-06T13:11:44.799Z"}
{"level":"error","message":"Unhandled rejection at [object Promise] reason: ReferenceError: logger is not defined","service":"search-service","timestamp":"2026-02-06T13:16:37.947Z"}
{"level":"info","message":"Connected to Rabbitmq","service":"search-service","timestamp":"2026-02-06T13:20:14.208Z"}
{"level":"info","message":"Subscribed to event: post.created","service":"search-service","timestamp":"2026-02-06T13:20:14.230Z"}
{"level":"info","message":"Search service running at port: 3004","service":"search-service","timestamp":"2026-02-06T13:20:14.235Z"}
{"level":"info","message":"MongoDB connected successfully","service":"search-service","timestamp":"2026-02-06T13:20:16.627Z"}
{"level":"error","message":"Unhandled rejection at [object Promise] reason: TypeError: logger is not a function","service":"search-service","timestamp":"2026-02-06T13:20:23.271Z"}
{"level":"info","message":"Connected to Rabbitmq","service":"search-service","timestamp":"2026-02-06T13:20:49.723Z"}
{"level":"info","message":"Subscribed to event: post.created","service":"search-service","timestamp":"2026-02-06T13:20:49.734Z"}
{"level":"info","message":"Search service running at port: 3004","service":"search-service","timestamp":"2026-02-06T13:20:49.737Z"}
{"level":"info","message":"MongoDB connected successfully","service":"search-service","timestamp":"2026-02-06T13:20:51.890Z"}
{"code":11000,"errorLabelSet":{},"errorResponse":{"code":11000,"errmsg":"E11000 duplicate key error collection: social-media.searches index: userId_1 dup key: { userId: \"6974bb03a8101a4c29f1e208\" }","index":0,"keyPattern":{"userId":1},"keyValue":{"userId":"6974bb03a8101a4c29f1e208"}},"index":0,"keyPattern":{"userId":1},"keyValue":{"userId":"6974bb03a8101a4c29f1e208"},"level":"error","message":"Error in handling post creation event  E11000 duplicate key error collection: social-media.searches index: userId_1 dup key: { userId: \"6974bb03a8101a4c29f1e208\" }","service":"search-service","stack":"MongoServerError: E11000 duplicate key error collection: social-media.searches index: userId_1 dup key: { userId: \"6974bb03a8101a4c29f1e208\" }\n    at InsertOneOperation.handleOk (C:\\Users\\user\\Documents\\Codes\\Backend-Projects\\social-media-microservices\\search-service\\node_modules\\mongodb\\lib\\operations\\insert.js:51:19)\n    at tryOperation (C:\\Users\\user\\Documents\\Codes\\Backend-Projects\\social-media-microservices\\search-service\\node_modules\\mongodb\\lib\\operations\\execute_operation.js:216:34)\n    at process.processTicksAndRejections (node:internal/process/task_queues:103:5)\n    at async executeOperation (C:\\Users\\user\\Documents\\Codes\\Backend-Projects\\social-media-microservices\\search-service\\node_modules\\mongodb\\lib\\operations\\execute_operation.js:80:16)\n    at async Collection.insertOne (C:\\Users\\user\\Documents\\Codes\\Backend-Projects\\social-media-microservices\\search-service\\node_modules\\mongodb\\lib\\collection.js:154:16)\n    at async model.$__save (C:\\Users\\user\\Documents\\Codes\\Backend-Projects\\social-media-microservices\\search-service\\node_modules\\mongoose\\lib\\model.js:398:16)\n    at async model.save (C:\\Users\\user\\Documents\\Codes\\Backend-Projects\\social-media-microservices\\search-service\\node_modules\\mongoose\\lib\\model.js:609:5)\n    at async handlePostCreated (C:\\Users\\user\\Documents\\Codes\\Backend-Projects\\social-media-microservices\\search-service\\src\\eventHandlers\\search.event.handler.js:15:7)","timestamp":"2026-02-06T13:20:57.843Z"}
{"level":"error","message":"Unhandled rejection at [object Promise] reason: ReferenceError: res is not defined","service":"search-service","timestamp":"2026-02-06T13:20:57.844Z"}
{"level":"info","message":"Connected to Rabbitmq","service":"search-service","timestamp":"2026-02-06T13:22:26.683Z"}
{"level":"info","message":"Subscribed to event: post.created","service":"search-service","timestamp":"2026-02-06T13:22:26.697Z"}
{"level":"info","message":"Search service running at port: 3004","service":"search-service","timestamp":"2026-02-06T13:22:26.701Z"}
{"level":"info","message":"MongoDB connected successfully","service":"search-service","timestamp":"2026-02-06T13:22:28.950Z"}
{"code":11000,"errorLabelSet":{},"errorResponse":{"code":11000,"errmsg":"E11000 duplicate key error collection: social-media.searches index: userId_1 dup key: { userId: \"6974bb03a8101a4c29f1e208\" }","index":0,"keyPattern":{"userId":1},"keyValue":{"userId":"6974bb03a8101a4c29f1e208"}},"index":0,"keyPattern":{"userId":1},"keyValue":{"userId":"6974bb03a8101a4c29f1e208"},"level":"error","message":"Error in handling post creation event  E11000 duplicate key error collection: social-media.searches index: userId_1 dup key: { userId: \"6974bb03a8101a4c29f1e208\" }","service":"search-service","stack":"MongoServerError: E11000 duplicate key error collection: social-media.searches index: userId_1 dup key: { userId: \"6974bb03a8101a4c29f1e208\" }\n    at InsertOneOperation.handleOk (C:\\Users\\user\\Documents\\Codes\\Backend-Projects\\social-media-microservices\\search-service\\node_modules\\mongodb\\lib\\operations\\insert.js:51:19)\n    at tryOperation (C:\\Users\\user\\Documents\\Codes\\Backend-Projects\\social-media-microservices\\search-service\\node_modules\\mongodb\\lib\\operations\\execute_operation.js:216:34)\n    at process.processTicksAndRejections (node:internal/process/task_queues:103:5)\n    at async executeOperation (C:\\Users\\user\\Documents\\Codes\\Backend-Projects\\social-media-microservices\\search-service\\node_modules\\mongodb\\lib\\operations\\execute_operation.js:80:16)\n    at async Collection.insertOne (C:\\Users\\user\\Documents\\Codes\\Backend-Projects\\social-media-microservices\\search-service\\node_modules\\mongodb\\lib\\collection.js:154:16)\n    at async model.$__save (C:\\Users\\user\\Documents\\Codes\\Backend-Projects\\social-media-microservices\\search-service\\node_modules\\mongoose\\lib\\model.js:398:16)\n    at async model.save (C:\\Users\\user\\Documents\\Codes\\Backend-Projects\\social-media-microservices\\search-service\\node_modules\\mongoose\\lib\\model.js:609:5)\n    at async handlePostCreated (C:\\Users\\user\\Documents\\Codes\\Backend-Projects\\social-media-microservices\\search-service\\src\\eventHandlers\\search.event.handler.js:15:7)","timestamp":"2026-02-06T13:22:37.267Z"}
{"level":"error","message":"Unhandled rejection at [object Promise] reason: ReferenceError: res is not defined","service":"search-service","timestamp":"2026-02-06T13:22:37.268Z"}
{"level":"info","message":"Connected to Rabbitmq","service":"search-service","timestamp":"2026-02-06T13:25:53.308Z"}
{"level":"info","message":"Subscribed to event: post.created","service":"search-service","timestamp":"2026-02-06T13:25:53.328Z"}
{"level":"info","message":"Search service running at port: 3004","service":"search-service","timestamp":"2026-02-06T13:25:53.330Z"}
{"level":"info","message":"MongoDB connected successfully","service":"search-service","timestamp":"2026-02-06T13:25:55.796Z"}
{"level":"info","message":"Connected to Rabbitmq","service":"search-service","timestamp":"2026-02-06T13:26:01.019Z"}
{"level":"info","message":"Subscribed to event: post.created","service":"search-service","timestamp":"2026-02-06T13:26:01.041Z"}
{"level":"info","message":"Search service running at port: 3004","service":"search-service","timestamp":"2026-02-06T13:26:01.046Z"}
{"level":"info","message":"MongoDB connected successfully","service":"search-service","timestamp":"2026-02-06T13:26:02.947Z"}
{"code":11000,"errorLabelSet":{},"errorResponse":{"code":11000,"errmsg":"E11000 duplicate key error collection: social-media.searches index: userId_1 dup key: { userId: \"6974bb03a8101a4c29f1e208\" }","index":0,"keyPattern":{"userId":1},"keyValue":{"userId":"6974bb03a8101a4c29f1e208"}},"index":0,"keyPattern":{"userId":1},"keyValue":{"userId":"6974bb03a8101a4c29f1e208"},"level":"error","message":"Error in handling post creation event  E11000 duplicate key error collection: social-media.searches index: userId_1 dup key: { userId: \"6974bb03a8101a4c29f1e208\" }","service":"search-service","stack":"MongoServerError: E11000 duplicate key error collection: social-media.searches index: userId_1 dup key: { userId: \"6974bb03a8101a4c29f1e208\" }\n    at InsertOneOperation.handleOk (C:\\Users\\user\\Documents\\Codes\\Backend-Projects\\social-media-microservices\\search-service\\node_modules\\mongodb\\lib\\operations\\insert.js:51:19)\n    at tryOperation (C:\\Users\\user\\Documents\\Codes\\Backend-Projects\\social-media-microservices\\search-service\\node_modules\\mongodb\\lib\\operations\\execute_operation.js:216:34)\n    at process.processTicksAndRejections (node:internal/process/task_queues:103:5)\n    at async executeOperation (C:\\Users\\user\\Documents\\Codes\\Backend-Projects\\social-media-microservices\\search-service\\node_modules\\mongodb\\lib\\operations\\execute_operation.js:80:16)\n    at async Collection.insertOne (C:\\Users\\user\\Documents\\Codes\\Backend-Projects\\social-media-microservices\\search-service\\node_modules\\mongodb\\lib\\collection.js:154:16)\n    at async model.$__save (C:\\Users\\user\\Documents\\Codes\\Backend-Projects\\social-media-microservices\\search-service\\node_modules\\mongoose\\lib\\model.js:398:16)\n    at async model.save (C:\\Users\\user\\Documents\\Codes\\Backend-Projects\\social-media-microservices\\search-service\\node_modules\\mongoose\\lib\\model.js:609:5)\n    at async handlePostCreated (C:\\Users\\user\\Documents\\Codes\\Backend-Projects\\social-media-microservices\\search-service\\src\\eventHandlers\\search.event.handler.js:15:7)","timestamp":"2026-02-06T13:26:11.573Z"}
{"level":"error","message":"Unhandled rejection at [object Promise] reason: MongoServerError: E11000 duplicate key error collection: social-media.searches index: userId_1 dup key: { userId: \"6974bb03a8101a4c29f1e208\" }","service":"search-service","timestamp":"2026-02-06T13:26:11.576Z"}
{"level":"info","message":"Search post created: 6985ecc4ce29433b0bc0c1de, 6985ecc568958af1d3389451","service":"search-service","timestamp":"2026-02-06T13:29:41.411Z"}
{"level":"info","message":"Search post created: 6985ecd3ce29433b0bc0c1e0, 6985ecd368958af1d3389453","service":"search-service","timestamp":"2026-02-06T13:29:55.555Z"}
{"level":"info","message":"Connected to Rabbitmq","service":"search-service","timestamp":"2026-02-06T13:30:51.670Z"}
{"level":"info","message":"Subscribed to event: post.created","service":"search-service","timestamp":"2026-02-06T13:30:51.690Z"}
{"level":"info","message":"Search service running at port: 3004","service":"search-service","timestamp":"2026-02-06T13:30:51.694Z"}
{"level":"info","message":"MongoDB connected successfully","service":"search-service","timestamp":"2026-02-06T13:30:55.931Z"}
{"level":"info","message":"Connected to Rabbitmq","service":"search-service","timestamp":"2026-02-06T13:31:11.769Z"}
{"level":"info","message":"Subscribed to event: post.created","service":"search-service","timestamp":"2026-02-06T13:31:11.869Z"}
{"level":"info","message":"Search service running at port: 3004","service":"search-service","timestamp":"2026-02-06T13:31:11.872Z"}
{"level":"info","message":"MongoDB connected successfully","service":"search-service","timestamp":"2026-02-06T13:31:14.026Z"}
{"level":"info","message":"Received GET request to /api/search/post","service":"search-service","timestamp":"2026-02-06T13:32:40.396Z"}
{"level":"info","message":"Request body: [object Object]","service":"search-service","timestamp":"2026-02-06T13:32:40.397Z"}
{"level":"info","message":"Search pos controller endpoint hit...","service":"search-service","timestamp":"2026-02-06T13:32:40.398Z"}
{"level":"info","message":"Connected to Rabbitmq","service":"search-service","timestamp":"2026-02-06T13:34:08.019Z"}
{"level":"info","message":"Subscribed to event: post.created","service":"search-service","timestamp":"2026-02-06T13:34:08.033Z"}
{"level":"info","message":"Search service running at port: 3004","service":"search-service","timestamp":"2026-02-06T13:34:08.036Z"}
{"level":"info","message":"MongoDB connected successfully","service":"search-service","timestamp":"2026-02-06T13:34:12.677Z"}
{"level":"info","message":"Received GET request to /api/search/post?content=%22New%20Post%22","service":"search-service","timestamp":"2026-02-06T13:34:24.278Z"}
{"level":"info","message":"Request body: [object Object]","service":"search-service","timestamp":"2026-02-06T13:34:24.279Z"}
{"level":"info","message":"Search pos controller endpoint hit...","service":"search-service","timestamp":"2026-02-06T13:34:24.279Z"}
{"level":"info","message":"Received GET request to /api/search/post?query=%22New%20Post%22","service":"search-service","timestamp":"2026-02-06T13:34:46.765Z"}
{"level":"info","message":"Request body: [object Object]","service":"search-service","timestamp":"2026-02-06T13:34:46.765Z"}
{"level":"info","message":"Search pos controller endpoint hit...","service":"search-service","timestamp":"2026-02-06T13:34:46.766Z"}
{"level":"info","message":"Connected to Rabbitmq","service":"search-service","timestamp":"2026-02-06T13:35:21.150Z"}
{"level":"info","message":"Subscribed to event: post.created","service":"search-service","timestamp":"2026-02-06T13:35:21.163Z"}
{"level":"info","message":"Search service running at port: 3004","service":"search-service","timestamp":"2026-02-06T13:35:21.166Z"}
{"level":"info","message":"MongoDB connected successfully","service":"search-service","timestamp":"2026-02-06T13:35:23.447Z"}
{"level":"info","message":"Connected to Rabbitmq","service":"search-service","timestamp":"2026-02-06T13:35:29.355Z"}
{"level":"info","message":"Subscribed to event: post.created","service":"search-service","timestamp":"2026-02-06T13:35:29.397Z"}
{"level":"info","message":"Search service running at port: 3004","service":"search-service","timestamp":"2026-02-06T13:35:29.401Z"}
{"level":"info","message":"MongoDB connected successfully","service":"search-service","timestamp":"2026-02-06T13:35:31.326Z"}
{"level":"info","message":"Received GET request to /api/search/post?query=%22New%20Post%22","service":"search-service","timestamp":"2026-02-06T13:35:35.553Z"}
{"level":"info","message":"Request body: [object Object]","service":"search-service","timestamp":"2026-02-06T13:35:35.553Z"}
{"level":"info","message":"Search pos controller endpoint hit...","service":"search-service","timestamp":"2026-02-06T13:35:35.554Z"}
{"level":"info","message":"Received GET request to /api/search/post?query=New%20Post","service":"search-service","timestamp":"2026-02-06T13:35:52.519Z"}
{"level":"info","message":"Request body: [object Object]","service":"search-service","timestamp":"2026-02-06T13:35:52.520Z"}
{"level":"info","message":"Search pos controller endpoint hit...","service":"search-service","timestamp":"2026-02-06T13:35:52.520Z"}
{"level":"info","message":"Connected to Rabbitmq","service":"search-service","timestamp":"2026-02-06T13:36:03.849Z"}
{"level":"info","message":"Subscribed to event: post.created","service":"search-service","timestamp":"2026-02-06T13:36:03.872Z"}
{"level":"info","message":"Search service running at port: 3004","service":"search-service","timestamp":"2026-02-06T13:36:03.876Z"}
{"level":"info","message":"MongoDB connected successfully","service":"search-service","timestamp":"2026-02-06T13:36:05.878Z"}
{"level":"info","message":"Received GET request to /api/search/post?query=New%20Post","service":"search-service","timestamp":"2026-02-06T13:36:16.506Z"}
{"level":"info","message":"Request body: [object Object]","service":"search-service","timestamp":"2026-02-06T13:36:16.507Z"}
{"level":"info","message":"Search pos controller endpoint hit...","service":"search-service","timestamp":"2026-02-06T13:36:16.508Z"}
{"level":"info","message":"Received GET request to /api/search/post?query=Post","service":"search-service","timestamp":"2026-02-06T13:37:00.779Z"}
{"level":"info","message":"Request body: [object Object]","service":"search-service","timestamp":"2026-02-06T13:37:00.780Z"}
{"level":"info","message":"Search pos controller endpoint hit...","service":"search-service","timestamp":"2026-02-06T13:37:00.781Z"}
{"level":"info","message":"Connected to Rabbitmq","service":"search-service","timestamp":"2026-02-06T15:31:54.427Z"}
{"level":"info","message":"Subscribed to event: post.created","service":"search-service","timestamp":"2026-02-06T15:31:54.441Z"}
{"level":"info","message":"Subscribed to event: post.deleted","service":"search-service","timestamp":"2026-02-06T15:31:54.450Z"}
{"level":"info","message":"Search service running at port: 3004","service":"search-service","timestamp":"2026-02-06T15:31:54.454Z"}
{"level":"info","message":"MongoDB connected successfully","service":"search-service","timestamp":"2026-02-06T15:31:56.486Z"}
{"level":"info","message":"Received GET request to /api/search/post?query=Post","service":"search-service","timestamp":"2026-02-06T15:33:03.158Z"}
{"level":"info","message":"Request body: [object Object]","service":"search-service","timestamp":"2026-02-06T15:33:03.159Z"}
{"level":"info","message":"Search pos controller endpoint hit...","service":"search-service","timestamp":"2026-02-06T15:33:03.159Z"}
{"level":"info","message":"Connected to Rabbitmq","service":"search-service","timestamp":"2026-02-06T15:34:03.263Z"}
{"level":"info","message":"Subscribed to event: post.created","service":"search-service","timestamp":"2026-02-06T15:34:03.288Z"}
{"level":"info","message":"Subscribed to event: post.deleted","service":"search-service","timestamp":"2026-02-06T15:34:03.297Z"}
{"level":"info","message":"Search service running at port: 3004","service":"search-service","timestamp":"2026-02-06T15:34:03.303Z"}
{"level":"info","message":"MongoDB connected successfully","service":"search-service","timestamp":"2026-02-06T15:34:08.645Z"}
{"level":"info","message":"Received GET request to /api/search/post?query=Post","service":"search-service","timestamp":"2026-02-06T15:34:15.142Z"}
{"level":"info","message":"Request body: [object Object]","service":"search-service","timestamp":"2026-02-06T15:34:15.143Z"}
{"level":"info","message":"Search pos controller endpoint hit...","service":"search-service","timestamp":"2026-02-06T15:34:15.144Z"}
{"level":"info","message":"Search post created: 69860a12d3e8b4b1769c87ed, 69860a135f2c2a54bd309640","service":"search-service","timestamp":"2026-02-06T15:34:43.223Z"}
{"level":"info","message":"Search post created: 69860a1bd3e8b4b1769c87ef, 69860a1b5f2c2a54bd309642","service":"search-service","timestamp":"2026-02-06T15:34:51.778Z"}
{"level":"info","message":"Received GET request to /api/search/post?query=Post","service":"search-service","timestamp":"2026-02-06T15:34:55.064Z"}
{"level":"info","message":"Request body: [object Object]","service":"search-service","timestamp":"2026-02-06T15:34:55.064Z"}
{"level":"info","message":"Search pos controller endpoint hit...","service":"search-service","timestamp":"2026-02-06T15:34:55.065Z"}
{"level":"info","message":"Received GET request to /api/search/post?query=Post","service":"search-service","timestamp":"2026-02-06T15:35:52.009Z"}
{"level":"info","message":"Request body: [object Object]","service":"search-service","timestamp":"2026-02-06T15:35:52.009Z"}
{"level":"info","message":"Search pos controller endpoint hit...","service":"search-service","timestamp":"2026-02-06T15:35:52.010Z"}
{"level":"info","message":"Received GET request to /api/search/post?query=Post","service":"search-service","timestamp":"2026-02-06T15:36:11.271Z"}
{"level":"info","message":"Request body: [object Object]","service":"search-service","timestamp":"2026-02-06T15:36:11.271Z"}
{"level":"info","message":"Search pos controller endpoint hit...","service":"search-service","timestamp":"2026-02-06T15:36:11.271Z"}
{"level":"info","message":"Search post deleted: 69860a1bd3e8b4b1769c87ef","service":"search-service","timestamp":"2026-02-06T15:36:31.627Z"}
{"level":"info","message":"Received GET request to /api/search/post?query=Post","service":"search-service","timestamp":"2026-02-06T15:36:56.649Z"}
{"level":"info","message":"Request body: [object Object]","service":"search-service","timestamp":"2026-02-06T15:36:56.649Z"}
{"level":"info","message":"Search pos controller endpoint hit...","service":"search-service","timestamp":"2026-02-06T15:36:56.650Z"}
